Run Stats for experiment at: 03-28-2017 16:30:52
10948.0
10985.0
11808.0
11478.0
10746.0
11657.0
11398.0
11360.0
10795.0
11207.0
10764.0
10799.0
11535.0
10622.0
9706.0
10984.0
11502.0
10958.0
10667.0
10810.0
11231.0
11226.0
11174.0
10202.0
11599.0
11169.0
11323.0
11803.0
11609.0
10502.0
10846.0
10664.0
11266.0
10899.0
11153.0
11224.0
11222.0
10763.0
10700.0
10024.0
10806.0
10244.0
10364.0
11124.0
10981.0
11713.0
11154.0
11901.0
10172.0
11093.0
10521.0
Run Stats for experiment at: 03-28-2017 16:31:32
9999.0
Run Stats for experiment at: 03-28-2017 16:32:01
10333.0
11222.0
10913.0
10419.0
11542.0
11400.0
10765.0
11437.0
12173.0
10314.0
10799.0
10517.0
11227.0
10369.0
11172.0
11686.0
11030.0
11403.0
10761.0
10867.0
11235.0
10385.0
11934.0
10890.0
11145.0
11661.0
11357.0
11113.0
10994.0
11911.0
11121.0
10131.0
10772.0
11075.0
10441.0
10823.0
10940.0
11631.0
10592.0
10764.0
11147.0
10469.0
11466.0
10799.0
11288.0
11423.0
11293.0
10175.0
11389.0
11614.0
11120.0
11228.0
11441.0
11323.0
11292.0
10672.0
11433.0
11379.0
10883.0
11789.0
10444.0
10659.0
11499.0
11279.0
11013.0
11568.0
11089.0
11458.0
10506.0
11064.0
11324.0
11191.0
10943.0
12008.0
10843.0
11745.0
10716.0
9917.0
10543.0
10618.0
10766.0
11299.0
11239.0
11832.0
11140.0
11763.0
10952.0
11402.0
11302.0
10559.0
10727.0
11091.0
11815.0
10907.0
10680.0
11750.0
11050.0
10202.0
11106.0
11323.0
Run Stats for experiment at: 04-02-2017 22:03:44
10615.0
11227.0
10646.0
11889.0
11140.0
11532.0
11224.0
10773.0
Run Stats for experiment at: 04-02-2017 22:05:08
10494.0
10375.0
12171.0
10742.0
10846.0
11384.0
11703.0
11543.0
10853.0
11042.0
11185.0
11850.0
10989.0
10859.0
10883.0
10970.0
11243.0
10387.0
11541.0
11365.0
11055.0
10795.0
11245.0
11179.0
11174.0
12115.0
11567.0
10984.0
11488.0
Run Stats for experiment at: 04-02-2017 22:08:10
10135.0
10416.0
11425.0
11356.0
10788.0
11197.0
11430.0
11720.0
10496.0
10805.0
10505.0
10904.0
11079.0
10993.0
10851.0
11173.0
10449.0
11600.0
10757.0
11210.0
10584.0
11424.0
11401.0
11903.0
10497.0
11361.0
12070.0
11098.0
10987.0
10172.0
11710.0
11447.0
11275.0
10321.0
11654.0
10652.0
11644.0
10893.0
11128.0
11069.0
11339.0
10161.0
10991.0
10676.0
11153.0
11607.0
12104.0
10976.0
11456.0
10999.0
11152.0
11079.0
11535.0
11047.0
11311.0
10701.0
10395.0
9761.0
10929.0
11604.0
11721.0
11034.0
11048.0
11462.0
11180.0
11192.0
11269.0
11472.0
11019.0
11185.0
10636.0
10425.0
10247.0
11358.0
10806.0
11001.0
11595.0
10666.0
11494.0
11865.0
11488.0
11391.0
11618.0
11427.0
11263.0
10794.0
11030.0
11311.0
10301.0
11062.0
11253.0
11064.0
10653.0
10910.0
11302.0
10835.0
10167.0
11308.0
10539.0
10690.0
Run Stats for experiment at: 04-02-2017 22:10:48
10267.0
10809.0
11443.0
10570.0
11300.0
10911.0
10724.0
10858.0
11333.0
10639.0
10778.0
10555.0
10130.0
11202.0
11481.0
10936.0
11436.0
11388.0
11194.0
10772.0
10550.0
10896.0
11451.0
11577.0
10756.0
11635.0
10554.0
10915.0
10865.0
10906.0
10932.0
10882.0
11494.0
10963.0
10761.0
11416.0
11202.0
10090.0
11044.0
10880.0
10876.0
10186.0
11070.0
10652.0
11328.0
10699.0
11399.0
11511.0
Run Stats for experiment at: 04-02-2017 22:12:54
11065.0
11755.0
11242.0
11125.0
11275.0
10858.0
11135.0
11141.0
11581.0
11510.0
10820.0
11058.0
11796.0
10764.0
11173.0
10791.0
11504.0
10891.0
11332.0
10774.0
10946.0
10534.0
10915.0
11626.0
11631.0
10480.0
11526.0
11264.0
11351.0
11134.0
10484.0
11788.0
11091.0
11161.0
11133.0
11506.0
11212.0
10888.0
11218.0
11297.0
11885.0
11183.0
11574.0
11459.0
11563.0
11489.0
11520.0
10772.0
11339.0
10717.0
11821.0
11592.0
10754.0
11524.0
10906.0
11671.0
11153.0
10952.0
10379.0
11643.0
10771.0
11416.0
11075.0
10339.0
11352.0
10887.0
11578.0
10596.0
10601.0
10884.0
10873.0
10060.0
10721.0
11300.0
10950.0
9817.0
11069.0
11511.0
11568.0
11161.0
11406.0
11669.0
10532.0
11543.0
10787.0
11389.0
11677.0
11152.0
10875.0
10776.0
10534.0
11239.0
11536.0
10954.0
Run Stats for experiment at: 04-02-2017 22:14:28
10703.0
10862.0
11708.0
10770.0
11129.0
10744.0
11871.0
11300.0
11411.0
11461.0
10637.0
11365.0
10775.0
11029.0
11470.0
10885.0
Run Stats for experiment at: 04-02-2017 22:15:01
10786.0
11600.0
11559.0
11885.0
10763.0
10591.0
11185.0
11219.0
11915.0
10641.0
11692.0
11485.0
10861.0
11468.0
10736.0
11300.0
10969.0
11908.0
10945.0
10460.0
11595.0
Run Stats for experiment at: 04-02-2017 22:16:35
Run Stats for experiment at: 04-02-2017 22:21:20
11628.0
11974.0
11868.0
11558.0
12791.0
11435.0
12298.0
12595.0
12362.0
12506.0
12440.0
12398.0
12834.0
12020.0
12770.0
12734.0
12588.0
11329.0
12563.0
12625.0
11005.0
13031.0
12537.0
12124.0
12904.0
13104.0
12650.0
Run Stats for experiment at: 04-02-2017 22:21:55
11770.0
11402.0
13177.0
11843.0
11953.0
12279.0
13155.0
12876.0
11946.0
12013.0
Run Stats for experiment at: 04-02-2017 22:22:30
12514.0
14180.0
13430.0
11598.0
12592.0
11991.0
11906.0
12950.0
13105.0
11959.0
12006.0
11100.0
12067.0
11792.0
11853.0
12941.0
11952.0
11288.0
12174.0
11589.0
13100.0
12781.0
12419.0
12686.0
13795.0
11969.0
12918.0
Run Stats for experiment at: 04-02-2017 22:23:19
12256.0
11619.0
12015.0
12362.0
12591.0
12543.0
12065.0
12132.0
11637.0
12637.0
14208.0
12351.0
12675.0
13162.0
11175.0
11978.0
13092.0
12931.0
12846.0
11333.0
12610.0
Run Stats for experiment at: 04-02-2017 22:25:39
11701.0
12260.0
12667.0
13044.0
12403.0
12264.0
12791.0
11572.0
12554.0
12479.0
12838.0
12855.0
11459.0
13094.0
12553.0
11431.0
12600.0
11811.0
Run Stats for experiment at: 04-02-2017 22:28:40
12710.0
12261.0
12672.0
12911.0
11807.0
12309.0
12361.0
13028.0
11893.0
13058.0
13651.0
12655.0
12519.0
12331.0
12778.0
13008.0
11691.0
11904.0
12642.0
12308.0
11650.0
12667.0
13201.0
13143.0
13481.0
12081.0
10980.0
11694.0
12612.0
12044.0
12433.0
12161.0
12310.0
12092.0
12026.0
12903.0
12520.0
12177.0
12682.0
Run Stats for experiment at: 04-02-2017 22:46:12
Run Stats for experiment at: 04-02-2017 22:46:58
Run Stats for experiment at: 04-02-2017 22:53:59
11691.0
12663.0
13094.0
13208.0
12214.0
13403.0
12888.0
10749.0
13772.0
11017.0
11884.0
11807.0
12924.0
12291.0
12325.0
12934.0
12032.0
12797.0
12935.0
12683.0
12163.0
12356.0
Run Stats for experiment at: 04-02-2017 23:02:47
9532.0
11049.0
12217.0
9670.0
11623.0
8501.0
10495.0
10918.0
10563.0
9209.0
11611.0
11059.0
11148.0
Run Stats for experiment at: 04-02-2017 23:09:29
9853.0
9464.0
11906.0
10936.0
10885.0
9986.0
9842.0
9973.0
10392.0
11750.0
9523.0
9880.0
10035.0
8244.0
9070.0
10368.0
8359.0
8685.0
10710.0
10677.0
11381.0
12183.0
10642.0
9482.0
8085.0
8733.0
10098.0
11534.0
12106.0
10621.0
9600.0
11680.0
12850.0
11181.0
10060.0
11116.0
9248.0
10748.0
10189.0
11655.0
10201.0
11424.0
10294.0
9361.0
10314.0
9831.0
12264.0
9248.0
8883.0
11385.0
9841.0
9252.0
11606.0
7831.0
9902.0
12043.0
11013.0
8988.0
7921.0
9875.0
11404.0
11128.0
11030.0
9844.0
10750.0
8581.0
6929.0
10868.0
8811.0
11039.0
10850.0
10994.0
10599.0
10386.0
11449.0
12043.0
10157.0
7065.0
6324.0
11810.0
9053.0
8135.0
7970.0
10063.0
8316.0
5930.0
10595.0
10762.0
10911.0
10350.0
10565.0
10356.0
10904.0
8957.0
11516.0
10875.0
10341.0
7491.0
9806.0
8522.0
Run Stats for experiment at: 04-02-2017 23:15:03
8467.0
12079.0
9856.0
9620.0
12081.0
10494.0
9676.0
10344.0
11955.0
10597.0
10642.0
Run Stats for experiment at: 04-02-2017 23:15:24
11930.0
10172.0
10995.0
11065.0
11859.0
11436.0
11568.0
11826.0
10611.0
11687.0
11851.0
9845.0
11679.0
7605.0
11679.0
10113.0
9819.0
11276.0
9669.0
9932.0
11748.0
9880.0
10998.0
10801.0
10688.0
10246.0
9339.0
9248.0
9010.0
9890.0
10804.0
11153.0
10124.0
12096.0
11968.0
11030.0
10549.0
10383.0
10807.0
10423.0
10329.0
11156.0
10958.0
10800.0
9751.0
11373.0
10912.0
8810.0
10153.0
11636.0
8221.0
11368.0
7668.0
9861.0
7984.0
10693.0
9569.0
10293.0
10252.0
9525.0
10043.0
10497.0
11078.0
10836.0
11146.0
10979.0
10359.0
10382.0
9708.0
10656.0
12357.0
10643.0
9951.0
9386.0
10857.0
9266.0
9781.0
11849.0
11983.0
10072.0
9539.0
9868.0
9990.0
10568.0
11077.0
8549.0
8842.0
11312.0
10389.0
9632.0
11835.0
9255.0
11121.0
9908.0
8552.0
8694.0
9772.0
9813.0
10250.0
10403.0
Run Stats for experiment at: 04-02-2017 23:43:20
Run Stats for experiment at: 04-02-2017 23:45:09
10230.0
10471.0
9768.0
9272.0
11834.0
8834.0
10453.0
9503.0
10230.0
9799.0
9490.0
10600.0
10262.0
8685.0
10095.0
9584.0
11344.0
10452.0
9989.0
10980.0
8872.0
9070.0
9947.0
9827.0
9569.0
11997.0
8745.0
9287.0
9702.0
9728.0
9386.0
10832.0
8638.0
8364.0
10143.0
9231.0
9780.0
8175.0
8803.0
10233.0
10586.0
10145.0
10897.0
9477.0
9097.0
9671.0
9825.0
11351.0
9830.0
8673.0
9367.0
10228.0
11252.0
8887.0
11577.0
9319.0
9403.0
9848.0
10518.0
11650.0
9531.0
9753.0
8906.0
10351.0
9046.0
8562.0
9737.0
9408.0
9734.0
9379.0
11997.0
10133.0
10213.0
11189.0
7836.0
10906.0
10670.0
11965.0
8492.0
12213.0
9471.0
8525.0
10171.0
9120.0
9921.0
10401.0
10616.0
10892.0
10957.0
9930.0
9684.0
10001.0
7646.0
10617.0
11539.0
10803.0
10066.0
10502.0
10031.0
10139.0
Run Stats for experiment at: 04-02-2017 23:49:07
9879.0
8134.0
9318.0
9457.0
7560.0
8401.0
9300.0
9349.0
9506.0
9100.0
8749.0
9454.0
8412.0
10489.0
9962.0
9980.0
8094.0
7914.0
9510.0
9180.0
9754.0
8833.0
10512.0
9027.0
10370.0
8867.0
9392.0
8593.0
8650.0
9214.0
9074.0
9774.0
9886.0
9321.0
9936.0
9774.0
10006.0
8941.0
9238.0
8808.0
8919.0
9203.0
9377.0
10668.0
9172.0
9095.0
9739.0
9422.0
9453.0
10431.0
9334.0
8491.0
9572.0
10503.0
8100.0
9026.0
10263.0
9142.0
8762.0
9019.0
9383.0
10099.0
9415.0
10334.0
8886.0
10424.0
10306.0
7715.0
9832.0
11095.0
8644.0
9973.0
8142.0
9454.0
10541.0
9749.0
9332.0
10182.0
8415.0
8923.0
8432.0
9805.0
8073.0
9635.0
9306.0
10034.0
10018.0
8848.0
8422.0
8877.0
8955.0
9153.0
8335.0
10056.0
9234.0
10840.0
8013.0
7979.0
8459.0
9758.0
Run Stats for experiment at: 04-02-2017 23:53:23
Run Stats for experiment at: 04-02-2017 23:53:46
9295.0
10280.0
9638.0
9425.0
9246.0
9401.0
8326.0
8475.0
9478.0
10285.0
8956.0
9165.0
9311.0
7725.0
9320.0
10076.0
9947.0
9250.0
10383.0
9772.0
9034.0
8315.0
9205.0
9400.0
7576.0
9095.0
9673.0
9271.0
10356.0
8367.0
9577.0
9526.0
8794.0
9055.0
9322.0
8502.0
9709.0
10837.0
9771.0
9757.0
7710.0
8050.0
9884.0
9781.0
10008.0
8029.0
9956.0
9836.0
9611.0
9176.0
11000.0
8866.0
9958.0
10443.0
9277.0
8048.0
10128.0
9916.0
8054.0
10300.0
8518.0
10352.0
8753.0
9665.0
8280.0
8875.0
10371.0
8352.0
9676.0
9318.0
8043.0
9762.0
9302.0
8530.0
8478.0
8838.0
9701.0
8732.0
9397.0
8894.0
10857.0
9286.0
8441.0
9339.0
9082.0
8730.0
6270.0
9713.0
8588.0
8751.0
9050.0
10142.0
10563.0
7707.0
9795.0
9374.0
7623.0
8741.0
9769.0
9980.0
Run Stats for experiment at: 04-03-2017 00:07:10
8964.0
8954.0
9703.0
9105.0
8904.0
10444.0
8948.0
8796.0
9518.0
10705.0
10316.0
8578.0
9470.0
9268.0
9362.0
7746.0
8624.0
8977.0
8679.0
7296.0
8198.0
10173.0
8114.0
9176.0
9054.0
8652.0
8899.0
8868.0
10001.0
9772.0
8783.0
10144.0
9859.0
10083.0
9994.0
8771.0
9565.0
8399.0
9097.0
10074.0
8897.0
9315.0
7768.0
8076.0
9921.0
9813.0
9507.0
7340.0
8503.0
8538.0
9243.0
8984.0
10454.0
8848.0
10623.0
9997.0
7455.0
10360.0
8636.0
9980.0
9173.0
9960.0
10244.0
9478.0
8434.0
10754.0
9239.0
10117.0
8528.0
10104.0
8936.0
9092.0
10092.0
9562.0
8005.0
10187.0
9727.0
9308.0
8690.0
9550.0
9061.0
9286.0
7657.0
8586.0
10380.0
9777.0
9360.0
9549.0
8814.0
9667.0
7752.0
10062.0
8933.0
8495.0
10395.0
9005.0
9488.0
10614.0
9010.0
8901.0
Run Stats for experiment at: 04-03-2017 13:13:53
9917.0
10186.0
9313.0
10188.0
9141.0
8856.0
8438.0
9331.0
9838.0
8439.0
9200.0
8732.0
10747.0
8945.0
9963.0
7895.0
9428.0
7993.0
8355.0
8822.0
Run Stats for experiment at: 04-03-2017 13:19:55
9207.0
8826.0
8532.0
10268.0
7798.0
9686.0
8614.0
9699.0
9305.0
7499.0
9963.0
10116.0
9278.0
8612.0
9375.0
8917.0
9223.0
8943.0
9730.0
9656.0
Run Stats for experiment at: 04-03-2017 13:30:58
10616.0
7275.0
9244.0
8696.0
10605.0
9513.0
8770.0
10191.0
9605.0
8313.0
9988.0
8572.0
9314.0
9782.0
8874.0
9685.0
9128.0
9389.0
9182.0
10122.0
Run Stats for experiment at: 04-03-2017 13:31:41
9903.0
10498.0
9962.0
9524.0
9315.0
9497.0
9103.0
10247.0
9426.0
8721.0
9457.0
10100.0
6622.0
9301.0
10272.0
9170.0
8310.0
10554.0
9549.0
9711.0
10323.0
9355.0
9824.0
10316.0
9129.0
8955.0
8119.0
10138.0
8765.0
9830.0
9440.0
9844.0
8710.0
9772.0
9550.0
8858.0
9088.0
8178.0
9705.0
9148.0
10253.0
9686.0
9543.0
7749.0
10162.0
10308.0
11112.0
9824.0
9585.0
7933.0
8799.0
10348.0
10098.0
9951.0
9176.0
7574.0
10310.0
10186.0
9081.0
9884.0
8718.0
9585.0
9479.0
9837.0
10322.0
8725.0
10554.0
9693.0
8440.0
9517.0
9902.0
10348.0
8741.0
8770.0
9865.0
10070.0
9483.0
8987.0
9650.0
9970.0
8790.0
9116.0
9193.0
9807.0
8955.0
8487.0
8844.0
9462.0
8782.0
9545.0
8498.0
9250.0
8871.0
8106.0
9734.0
8800.0
9342.0
9901.0
9552.0
9448.0
Run Stats for experiment at: 04-03-2017 13:33:23
10349.0
8682.0
9865.0
8727.0
9693.0
9013.0
9305.0
10335.0
9706.0
9732.0
9752.0
10825.0
9470.0
9627.0
10431.0
9145.0
8997.0
8636.0
7982.0
10079.0
9242.0
8851.0
9020.0
8057.0
9120.0
8422.0
8238.0
9308.0
8928.0
7980.0
9843.0
9015.0
8448.0
8798.0
9672.0
8881.0
10356.0
10330.0
7936.0
9339.0
9892.0
9797.0
10115.0
9346.0
9897.0
9626.0
9127.0
8226.0
8881.0
9177.0
9095.0
9073.0
8696.0
10382.0
8882.0
8931.0
9297.0
9396.0
9370.0
9045.0
9146.0
10172.0
9561.0
9592.0
9016.0
8807.0
9659.0
9223.0
9727.0
8882.0
8759.0
9959.0
8184.0
8875.0
10036.0
8691.0
9479.0
8540.0
9487.0
9221.0
7749.0
9002.0
8966.0
9369.0
7694.0
9158.0
9575.0
10238.0
9664.0
9526.0
10068.0
9127.0
7927.0
6985.0
10491.0
9290.0
8558.0
8743.0
10231.0
9623.0
Run Stats for experiment at: 04-03-2017 14:09:40
9078.0
9698.0
9255.0
9501.0
9466.0
8708.0
8773.0
9023.0
9318.0
9374.0
9103.0
9916.0
9136.0
9834.0
8550.0
8774.0
10244.0
9734.0
9667.0
8453.0
9150.0
Run Stats for experiment at: 04-03-2017 16:57:31
9215.0
8734.0
9432.0
8527.0
10692.0
8504.0
9528.0
9501.0
7963.0
7216.0
8795.0
9880.0
9087.0
8860.0
9096.0
8870.0
9891.0
8917.0
9529.0
8388.0
9694.0
8389.0
10067.0
10529.0
9473.0
8777.0
9697.0
8704.0
9086.0
9010.0
9164.0
10046.0
9156.0
9387.0
9063.0
8955.0
9669.0
9899.0
9931.0
8732.0
8263.0
8540.0
8010.0
8743.0
10363.0
9313.0
8352.0
9300.0
8044.0
7540.0
8853.0
9809.0
10055.0
8742.0
9776.0
8964.0
9062.0
8650.0
8846.0
9271.0
7684.0
9066.0
9908.0
8748.0
11393.0
9822.0
8864.0
8652.0
7516.0
9599.0
9604.0
10219.0
9448.0
9133.0
9271.0
8787.0
10226.0
9826.0
8324.0
10075.0
9458.0
9670.0
8662.0
9636.0
8941.0
8247.0
9099.0
9760.0
7913.0
9480.0
7868.0
9729.0
8434.0
9107.0
8779.0
10769.0
9421.0
10430.0
10097.0
9290.0
Run Stats for experiment at: 04-03-2017 17:01:13
9018.0
9143.0
9047.0
7987.0
11050.0
8138.0
9041.0
7620.0
9479.0
10156.0
9151.0
8180.0
7336.0
8493.0
9353.0
9670.0
8226.0
9496.0
9269.0
10233.0
9462.0
7737.0
9084.0
8266.0
8633.0
7332.0
8273.0
9191.0
9113.0
8821.0
9103.0
9059.0
8412.0
8889.0
7517.0
8187.0
10045.0
8709.0
9471.0
9170.0
7942.0
6721.0
9819.0
9537.0
9737.0
10117.0
8463.0
10013.0
9406.0
8526.0
8757.0
8917.0
8686.0
8961.0
8978.0
9319.0
9163.0
8563.0
9105.0
8987.0
9244.0
9516.0
7431.0
8470.0
7781.0
9280.0
8748.0
10418.0
7701.0
8820.0
8669.0
8918.0
9580.0
9647.0
8022.0
8056.0
8659.0
10297.0
8586.0
9329.0
7271.0
10935.0
8328.0
9096.0
8857.0
9579.0
9208.0
9737.0
8459.0
9247.0
9319.0
7879.0
7961.0
7972.0
9555.0
8496.0
8387.0
10350.0
10283.0
8674.0
Run Stats for experiment at: 04-03-2017 17:03:18
9507.0
8789.0
9256.0
9350.0
8354.0
8286.0
8738.0
9212.0
9034.0
9047.0
7390.0
8653.0
7936.0
8198.0
8743.0
8603.0
8486.0
7645.0
8050.0
8671.0
8963.0
7711.0
9483.0
9395.0
8051.0
8377.0
9451.0
9068.0
8274.0
8717.0
9313.0
8690.0
8671.0
9078.0
8646.0
8843.0
9236.0
9268.0
7949.0
9431.0
7505.0
8757.0
8837.0
8460.0
8057.0
8826.0
8213.0
8406.0
9116.0
8711.0
8841.0
8738.0
8438.0
7693.0
8971.0
8241.0
8322.0
8602.0
9151.0
9221.0
8774.0
9501.0
8533.0
7958.0
9540.0
9193.0
9281.0
7802.0
8159.0
9557.0
9246.0
8000.0
8755.0
9767.0
9816.0
9700.0
9093.0
9020.0
8206.0
8768.0
8384.0
8179.0
9120.0
8885.0
8929.0
8114.0
8953.0
7268.0
9130.0
9282.0
8162.0
8919.0
8607.0
8707.0
9162.0
9224.0
8356.0
10040.0
8900.0
8118.0
Run Stats for experiment at: 04-03-2017 17:06:12
10045.0
10345.0
11744.0
11248.0
11033.0
11390.0
11380.0
10917.0
10990.0
11526.0
10596.0
11928.0
11361.0
11254.0
11150.0
11532.0
11059.0
11333.0
11440.0
10968.0
10690.0
11087.0
10580.0
11287.0
11298.0
11372.0
10955.0
11304.0
11095.0
11014.0
11218.0
10762.0
10636.0
10934.0
11794.0
11447.0
10606.0
10786.0
10662.0
11234.0
11021.0
10824.0
11590.0
11604.0
11554.0
10722.0
11024.0
11464.0
10582.0
11037.0
11432.0
10577.0
10998.0
10893.0
11371.0
11072.0
10535.0
11144.0
10951.0
11099.0
10842.0
11165.0
10106.0
10998.0
11300.0
10920.0
10885.0
11015.0
10808.0
10673.0
10117.0
11193.0
11135.0
10805.0
11088.0
11343.0
11116.0
11168.0
11594.0
11317.0
10804.0
10276.0
10655.0
10576.0
10467.0
11255.0
11706.0
10480.0
11308.0
11349.0
11365.0
10751.0
11302.0
10382.0
11404.0
11533.0
10881.0
11226.0
11314.0
11676.0
Run Stats for experiment at: 04-03-2017 17:16:18
10543.0
11682.0
11588.0
11303.0
10796.0
11152.0
10590.0
11089.0
10428.0
10809.0
10633.0
11929.0
11664.0
10627.0
Run Stats for experiment at: 04-03-2017 17:16:51
10213.0
10954.0
11515.0
12204.0
10908.0
11617.0
11173.0
10616.0
11442.0
10782.0
10942.0
Run Stats for experiment at: 04-03-2017 17:18:13
10165.0
10675.0
11440.0
9985.0
11002.0
11589.0
11096.0
11280.0
11320.0
10806.0
10955.0
11214.0
Run Stats for experiment at: 04-03-2017 17:18:57
10078.0
10790.0
10416.0
11478.0
11576.0
10832.0
11375.0
10861.0
10775.0
11084.0
10441.0
11423.0
Run Stats for experiment at: 04-03-2017 17:29:49
10486.0
11604.0
10798.0
11210.0
11045.0
10847.0
10100.0
Run Stats for experiment at: 04-03-2017 17:30:14
Run Stats for experiment at: 04-03-2017 17:32:24
Run Stats for experiment at: 04-03-2017 17:55:45
8173.0
8510.0
8679.0
7365.0
9432.0
9301.0
8502.0
8064.0
10771.0
8938.0
9457.0
8597.0
8224.0
7321.0
8814.0
8820.0
8964.0
9153.0
9345.0
10124.0
7688.0
9283.0
8110.0
8001.0
10279.0
8172.0
8890.0
9595.0
9703.0
8897.0
9262.0
8529.0
8432.0
9625.0
9311.0
8044.0
8394.0
7985.0
8127.0
8297.0
8484.0
9800.0
10024.0
10025.0
8719.0
8019.0
7985.0
9069.0
9343.0
7840.0
9513.0
9407.0
8871.0
9917.0
9928.0
9500.0
9512.0
9374.0
10097.0
9676.0
6534.0
9286.0
9058.0
8685.0
8915.0
8885.0
9163.0
9862.0
9175.0
8313.0
9163.0
8456.0
8061.0
8187.0
8427.0
6725.0
8575.0
10263.0
9730.0
10619.0
9363.0
8779.0
8889.0
10117.0
8454.0
10412.0
9865.0
9761.0
9989.0
10794.0
9294.0
8757.0
9277.0
7490.0
9683.0
10173.0
8811.0
9212.0
10229.0
8675.0
Run Stats for experiment at: 04-03-2017 23:15:05
8845.0
10818.0
8996.0
8331.0
9355.0
10558.0
9564.0
9047.0
8139.0
8651.0
9716.0
7455.0
9268.0
8225.0
10370.0
8929.0
8878.0
9261.0
7901.0
8991.0
9492.0
7907.0
8165.0
8320.0
8170.0
8222.0
6875.0
10737.0
10852.0
10323.0
9208.0
8828.0
9343.0
9678.0
8540.0
9797.0
8906.0
9917.0
8564.0
9126.0
10859.0
9081.0
8466.0
10456.0
9573.0
9334.0
9164.0
8298.0
8513.0
8127.0
9586.0
9104.0
9565.0
7714.0
8500.0
9361.0
8152.0
9535.0
8285.0
9532.0
10023.0
8050.0
9019.0
9086.0
9011.0
9763.0
8575.0
8528.0
9161.0
8234.0
8923.0
8698.0
9398.0
8633.0
9205.0
9100.0
10137.0
7473.0
9509.0
7993.0
8229.0
8157.0
10050.0
8822.0
8984.0
9089.0
9219.0
8892.0
8764.0
7822.0
8626.0
9257.0
8935.0
9831.0
9161.0
9120.0
10025.0
8918.0
8858.0
10125.0
Run Stats for experiment at: 04-04-2017 01:07:21
11145.0
10383.0
11046.0
10239.0
10758.0
10337.0
10147.0
11018.0
10118.0
10958.0
10758.0
10725.0
10299.0
10556.0
10550.0
11098.0
10595.0
10567.0
10817.0
10632.0
10859.0
10758.0
10658.0
10529.0
11050.0
10483.0
10513.0
10101.0
10431.0
10774.0
10779.0
10731.0
10313.0
10221.0
10684.0
10522.0
10503.0
10749.0
10473.0
11129.0
10878.0
10250.0
10012.0
10671.0
10222.0
10316.0
10738.0
10935.0
10173.0
11080.0
10579.0
9980.0
10861.0
11288.0
10232.0
10966.0
11138.0
10919.0
10949.0
10534.0
10436.0
10043.0
10434.0
9869.0
10365.0
10229.0
10299.0
11348.0
9957.0
10945.0
9971.0
11101.0
10130.0
10162.0
11030.0
10084.0
10574.0
10723.0
10674.0
10647.0
10143.0
10413.0
10794.0
10788.0
11042.0
10163.0
10322.0
10816.0
10385.0
10651.0
11283.0
10435.0
11047.0
10695.0
10903.0
10497.0
10525.0
10936.0
10973.0
10686.0
Run Stats for experiment at: 04-04-2017 01:20:15
10406.0
11068.0
10629.0
10970.0
11295.0
10860.0
10711.0
10498.0
10384.0
10919.0
10442.0
10977.0
11492.0
10689.0
10367.0
11017.0
10814.0
10837.0
10391.0
11148.0
10345.0
11022.0
10887.0
10802.0
10638.0
10715.0
10405.0
11236.0
10389.0
10645.0
9800.0
10599.0
11046.0
10730.0
11051.0
11183.0
10394.0
10468.0
10810.0
10289.0
10929.0
10851.0
11135.0
10818.0
10425.0
11231.0
10163.0
10374.0
10710.0
11036.0
10936.0
10735.0
10575.0
10146.0
11241.0
10142.0
10618.0
10726.0
10599.0
10057.0
10439.0
10783.0
11063.0
10466.0
10097.0
10898.0
10515.0
10383.0
10598.0
10705.0
10562.0
11127.0
10471.0
10478.0
10117.0
11094.0
9735.0
11060.0
10675.0
10374.0
10711.0
10820.0
9781.0
10461.0
10983.0
10758.0
10179.0
10829.0
10364.0
10638.0
10943.0
11014.0
10504.0
10559.0
9516.0
10920.0
10518.0
10644.0
10907.0
11287.0
Run Stats for experiment at: 04-04-2017 01:21:56
10322.0
10851.0
11480.0
10423.0
10573.0
11406.0
11103.0
10832.0
10791.0
10805.0
10742.0
10730.0
10493.0
10370.0
10861.0
10104.0
10976.0
11248.0
10691.0
10775.0
11189.0
11050.0
11083.0
10381.0
11000.0
11110.0
9984.0
11265.0
10217.0
11116.0
10850.0
10308.0
9856.0
10553.0
10266.0
11071.0
10528.0
11312.0
10917.0
10148.0
10941.0
10857.0
10248.0
10379.0
10783.0
10794.0
10280.0
11101.0
10238.0
11145.0
11285.0
11174.0
11087.0
11025.0
11041.0
11241.0
10628.0
11131.0
11048.0
10683.0
10650.0
10282.0
10525.0
10685.0
11229.0
10256.0
9962.0
10840.0
11383.0
10799.0
11113.0
11036.0
10443.0
10573.0
10944.0
10397.0
10559.0
10975.0
10919.0
10564.0
10694.0
10874.0
11326.0
10640.0
10856.0
10779.0
10647.0
10316.0
10187.0
10950.0
10448.0
10550.0
10786.0
10851.0
9922.0
10560.0
11057.0
10723.0
11299.0
10631.0
Run Stats for experiment at: 04-04-2017 01:24:55
9995.0
10302.0
10401.0
10936.0
10371.0
10895.0
10909.0
10092.0
10714.0
10873.0
10870.0
10919.0
9907.0
10901.0
10514.0
10862.0
10612.0
10778.0
11206.0
10270.0
10968.0
10316.0
10197.0
10987.0
10645.0
10987.0
11212.0
10354.0
10553.0
10879.0
10479.0
10990.0
10377.0
10496.0
10517.0
11122.0
10154.0
11154.0
10591.0
9647.0
10173.0
11227.0
10217.0
10843.0
10390.0
9945.0
10654.0
10639.0
10533.0
10478.0
10437.0
10907.0
10270.0
10908.0
10798.0
9650.0
10605.0
10625.0
10537.0
10695.0
10419.0
10595.0
10394.0
10024.0
9918.0
10969.0
11033.0
10559.0
10778.0
9876.0
10557.0
10912.0
11000.0
10612.0
10793.0
10248.0
10561.0
9848.0
11413.0
10791.0
10861.0
10693.0
11214.0
10178.0
10395.0
10668.0
10820.0
9971.0
10564.0
10514.0
10810.0
10429.0
10132.0
10524.0
10749.0
9573.0
10577.0
10223.0
11093.0
10196.0
Run Stats for experiment at: 04-04-2017 01:26:20
10628.0
10959.0
10756.0
10726.0
10232.0
11380.0
10123.0
11053.0
10438.0
10987.0
10464.0
10097.0
10079.0
10633.0
9566.0
10025.0
10377.0
10117.0
10867.0
10907.0
11301.0
10694.0
10467.0
10454.0
10457.0
11111.0
10141.0
10518.0
9288.0
10610.0
10511.0
10371.0
10778.0
10624.0
10319.0
11307.0
10996.0
11034.0
10752.0
10273.0
10826.0
10756.0
10436.0
10844.0
10928.0
9887.0
10610.0
10579.0
10669.0
10660.0
10945.0
10412.0
10884.0
10419.0
9867.0
10717.0
10342.0
10034.0
10651.0
10729.0
10843.0
10967.0
10570.0
10845.0
10419.0
10752.0
10684.0
11019.0
10909.0
10417.0
10965.0
10157.0
9769.0
10855.0
11095.0
10823.0
11115.0
10648.0
10812.0
10599.0
10734.0
10742.0
11039.0
10749.0
10336.0
11136.0
10645.0
10704.0
10718.0
10887.0
10567.0
10913.0
10911.0
10544.0
11093.0
11357.0
11240.0
10428.0
10589.0
10799.0
Run Stats for experiment at: 04-04-2017 20:22:20
Run Stats for experiment at: 04-04-2017 20:23:22
Run Stats for experiment at: 04-04-2017 20:24:27
10814.0
11289.0
10623.0
10500.0
10644.0
10778.0
10980.0
10779.0
10386.0
10654.0
10234.0
10775.0
10681.0
10682.0
11250.0
10360.0
11250.0
10516.0
10306.0
10822.0
10606.0
10125.0
10816.0
10791.0
10279.0
9676.0
10099.0
10882.0
10720.0
10660.0
11026.0
10549.0
10305.0
9995.0
10974.0
11222.0
10562.0
10237.0
10825.0
11001.0
11253.0
10803.0
10992.0
10819.0
11233.0
11197.0
10140.0
10865.0
10564.0
9922.0
10673.0
11001.0
11376.0
11094.0
10554.0
9595.0
10335.0
10495.0
10908.0
10906.0
10955.0
11012.0
10982.0
10981.0
11048.0
10483.0
11280.0
10806.0
10965.0
9928.0
10686.0
11061.0
10865.0
11010.0
10136.0
10512.0
10368.0
10790.0
10663.0
10702.0
11436.0
10604.0
10063.0
10719.0
10426.0
11017.0
10901.0
11133.0
10458.0
10534.0
10443.0
10171.0
11114.0
11332.0
10997.0
10975.0
10993.0
11094.0
10803.0
10927.0
Run Stats for experiment at: 04-04-2017 20:28:18
10678.0
10403.0
9968.0
11136.0
10534.0
11165.0
10467.0
10221.0
10811.0
10142.0
10934.0
11219.0
10415.0
10967.0
10954.0
10380.0
9645.0
10077.0
11013.0
10456.0
10783.0
10659.0
10528.0
10737.0
10997.0
10350.0
10820.0
11121.0
10653.0
10747.0
10561.0
10964.0
10771.0
10805.0
10860.0
10375.0
10686.0
10066.0
11283.0
10369.0
10462.0
10973.0
10285.0
10360.0
11070.0
10588.0
10981.0
11099.0
10852.0
10877.0
11017.0
11016.0
10291.0
10917.0
10706.0
9669.0
10794.0
10869.0
10691.0
10737.0
11020.0
10942.0
10788.0
10855.0
10522.0
10084.0
10910.0
9801.0
10917.0
11132.0
10023.0
10267.0
10482.0
10646.0
10878.0
10674.0
10997.0
10909.0
10010.0
10858.0
10449.0
10463.0
11111.0
11500.0
10971.0
10637.0
10977.0
11208.0
10702.0
11054.0
10967.0
9746.0
10723.0
10563.0
11110.0
10946.0
11158.0
10958.0
10879.0
10582.0
Run Stats for experiment at: 04-04-2017 20:37:17
Run Stats for experiment at: 04-04-2017 20:38:40
Run Stats for experiment at: 04-04-2017 20:45:39
Run Stats for experiment at: 04-04-2017 20:47:33
Run Stats for experiment at: 04-04-2017 20:48:51
Run Stats for experiment at: 04-04-2017 20:53:28
9499.0
10606.0
11101.0
10775.0
10319.0
10743.0
11271.0
11201.0
10603.0
11138.0
Run Stats for experiment at: 04-04-2017 20:54:01
10658.0
10978.0
10621.0
10747.0
10679.0
10432.0
11138.0
11435.0
11240.0
10691.0
11316.0
11690.0
10572.0
11071.0
11085.0
10526.0
10813.0
11364.0
10211.0
11181.0
11134.0
10535.0
9876.0
10679.0
10545.0
10732.0
10829.0
9788.0
10487.0
10508.0
10686.0
10719.0
10061.0
11170.0
11218.0
11352.0
10695.0
10467.0
10117.0
10446.0
11093.0
10374.0
10417.0
11186.0
10921.0
9914.0
11154.0
11596.0
10580.0
10357.0
10389.0
11321.0
11428.0
10750.0
10823.0
10891.0
10001.0
11374.0
11021.0
11053.0
10983.0
10165.0
10953.0
9747.0
11207.0
11137.0
11196.0
11097.0
10478.0
10581.0
11381.0
10715.0
10375.0
10766.0
10482.0
10652.0
11110.0
10787.0
11396.0
10391.0
10058.0
10582.0
10759.0
11096.0
10708.0
10762.0
10595.0
11381.0
11357.0
11044.0
10825.0
10492.0
11203.0
10416.0
11372.0
10630.0
10189.0
10719.0
11005.0
10708.0
Run Stats for experiment at: 04-04-2017 20:56:50
10719.0
11026.0
10540.0
10275.0
10628.0
10941.0
10539.0
10918.0
10337.0
10321.0
10539.0
11369.0
9664.0
9877.0
10918.0
10998.0
11197.0
10327.0
9929.0
10817.0
10949.0
11181.0
10345.0
11217.0
10999.0
11216.0
11488.0
10993.0
10360.0
10551.0
11340.0
11566.0
11021.0
11125.0
11020.0
11134.0
10848.0
10685.0
11149.0
10093.0
10885.0
10507.0
10865.0
10710.0
10416.0
10163.0
10849.0
11334.0
11099.0
11181.0
10001.0
9597.0
10904.0
9880.0
10627.0
10408.0
11590.0
11470.0
10120.0
11088.0
10851.0
10367.0
10796.0
10660.0
9548.0
11535.0
10791.0
9944.0
11311.0
11152.0
10754.0
10741.0
10559.0
10047.0
11305.0
10595.0
10977.0
11669.0
10542.0
10620.0
11446.0
10868.0
10128.0
10809.0
10604.0
10784.0
10493.0
10433.0
10521.0
10360.0
10587.0
9936.0
10228.0
11420.0
11410.0
11057.0
11500.0
10688.0
10494.0
10783.0
Run Stats for experiment at: 04-04-2017 22:19:26
10900.0
10698.0
10644.0
10329.0
11338.0
11343.0
10751.0
10604.0
11072.0
10186.0
10489.0
10891.0
10150.0
10408.0
9870.0
10900.0
10603.0
10622.0
10952.0
11292.0
10173.0
10577.0
10276.0
10739.0
11224.0
10364.0
10440.0
10586.0
10910.0
11470.0
10977.0
9574.0
10702.0
10415.0
11031.0
10469.0
9983.0
10319.0
10475.0
11149.0
10237.0
10576.0
10218.0
10782.0
11421.0
11029.0
10414.0
11001.0
9876.0
11336.0
10751.0
11115.0
10657.0
10926.0
10259.0
9611.0
11345.0
11593.0
10583.0
11099.0
10288.0
10181.0
10490.0
10988.0
10902.0
10214.0
11117.0
9980.0
11350.0
10837.0
10999.0
11173.0
10423.0
11162.0
11508.0
11460.0
10695.0
9370.0
10686.0
11414.0
11385.0
10632.0
11529.0
11285.0
11306.0
10830.0
10170.0
10210.0
10416.0
10465.0
9970.0
11024.0
10519.0
10443.0
10897.0
10729.0
10458.0
10689.0
10672.0
11351.0
Run Stats for experiment at: 04-05-2017 00:59:25
Run Stats for experiment at: 04-05-2017 01:00:38
Run Stats for experiment at: 04-05-2017 01:03:40
Run Stats for experiment at: 04-05-2017 01:05:12
Run Stats for experiment at: 04-05-2017 01:05:44
Run Stats for experiment at: 04-05-2017 01:07:58
10961.0
10964.0
10707.0
10460.0
11704.0
10273.0
10369.0
11535.0
11313.0
10946.0
11417.0
10673.0
10368.0
10696.0
10588.0
11462.0
11302.0
11291.0
10859.0
11171.0
11440.0
10448.0
11328.0
9987.0
11237.0
11301.0
10856.0
11553.0
11320.0
10851.0
11555.0
10344.0
11104.0
10687.0
11494.0
11664.0
11648.0
9884.0
11312.0
11443.0
11301.0
11585.0
10706.0
10914.0
11285.0
11618.0
11121.0
10970.0
11019.0
11014.0
11205.0
11259.0
11598.0
10659.0
11522.0
11491.0
10907.0
10971.0
10503.0
11180.0
11406.0
11462.0
11222.0
11472.0
11090.0
11346.0
10960.0
11300.0
11526.0
10907.0
11167.0
10624.0
11130.0
11251.0
10928.0
10610.0
10976.0
11683.0
11496.0
11129.0
11224.0
10893.0
11134.0
10542.0
11521.0
10702.0
10935.0
11039.0
11170.0
10648.0
10477.0
10685.0
11115.0
10742.0
10578.0
11392.0
11087.0
11694.0
10490.0
10687.0
Run Stats for experiment at: 04-05-2017 01:19:43
Run Stats for experiment at: 04-05-2017 01:20:49
3201.0
2706.0
2885.0
3406.0
3057.0
3194.0
3716.0
3153.0
3152.0
3175.0
2823.0
2974.0
3368.0
3133.0
3265.0
3266.0
3406.0
3460.0
3440.0
2714.0
3146.0
3097.0
2988.0
2458.0
3075.0
3478.0
3436.0
2435.0
3019.0
3318.0
3428.0
3250.0
3003.0
3323.0
2792.0
3145.0
3083.0
3448.0
3256.0
2820.0
3343.0
3637.0
3482.0
2408.0
3169.0
3005.0
2985.0
3529.0
3326.0
3099.0
3019.0
3316.0
2999.0
2974.0
3782.0
3011.0
3218.0
3366.0
3276.0
3101.0
3238.0
3169.0
3197.0
3571.0
3266.0
3052.0
2940.0
3340.0
3358.0
3605.0
2793.0
3368.0
2863.0
2965.0
3329.0
3620.0
3072.0
3423.0
3367.0
3096.0
3010.0
3074.0
3456.0
3118.0
3402.0
3150.0
3626.0
3227.0
3107.0
3049.0
3529.0
3232.0
3159.0
3307.0
3416.0
3657.0
3091.0
3065.0
3264.0
3456.0
Run Stats for experiment at: 04-05-2017 01:23:08
10847.0
10689.0
10376.0
10490.0
9821.0
10392.0
9934.0
10790.0
10464.0
10633.0
10463.0
10385.0
10695.0
11208.0
10860.0
10158.0
10966.0
10666.0
9860.0
10388.0
10128.0
10305.0
10675.0
10017.0
10372.0
10108.0
10598.0
10711.0
10076.0
10308.0
10551.0
10743.0
10182.0
10317.0
10511.0
10475.0
10632.0
10584.0
10639.0
10298.0
10972.0
10353.0
10915.0
10651.0
10417.0
10341.0
10760.0
10546.0
10278.0
10700.0
10762.0
10152.0
10406.0
10529.0
10707.0
10651.0
10739.0
10682.0
10826.0
10524.0
10652.0
10553.0
10385.0
9951.0
10210.0
10650.0
10675.0
10353.0
10217.0
10651.0
10009.0
10742.0
10747.0
10779.0
10268.0
10296.0
10497.0
10723.0
10755.0
10939.0
10902.0
10072.0
9604.0
10421.0
10666.0
10402.0
10509.0
10964.0
10591.0
10663.0
10502.0
10816.0
10089.0
10194.0
10409.0
10686.0
10579.0
10916.0
10582.0
9796.0
Run Stats for experiment at: 04-05-2017 01:25:22
2989.0
3670.0
2664.0
3439.0
3358.0
3382.0
3164.0
2668.0
3317.0
3144.0
3322.0
3409.0
2830.0
3265.0
2933.0
3174.0
3196.0
3310.0
3271.0
3499.0
3256.0
3002.0
3068.0
3034.0
3393.0
3342.0
3358.0
3251.0
3435.0
3418.0
3162.0
3358.0
3456.0
3518.0
3366.0
3368.0
2946.0
3557.0
2741.0
3266.0
3018.0
3426.0
3116.0
3223.0
3161.0
3233.0
2968.0
3392.0
3036.0
3349.0
3181.0
2933.0
3322.0
3409.0
3713.0
3313.0
3355.0
3203.0
3654.0
3319.0
3155.0
3443.0
3493.0
2953.0
2753.0
3423.0
3396.0
3197.0
3249.0
3488.0
3361.0
2973.0
3198.0
3447.0
3227.0
3493.0
3237.0
3209.0
2877.0
3686.0
3541.0
3053.0
3224.0
3554.0
3029.0
3358.0
3479.0
3646.0
3103.0
3042.0
2821.0
3143.0
3201.0
2995.0
3731.0
3190.0
3183.0
3024.0
3164.0
3361.0
Run Stats for experiment at: 04-05-2017 01:39:37
10225.0
10153.0
10186.0
10099.0
10240.0
10058.0
10394.0
9521.0
9690.0
9712.0
10313.0
10270.0
10428.0
9544.0
10003.0
10532.0
10325.0
10319.0
10414.0
10214.0
10147.0
10372.0
9934.0
9583.0
10245.0
10462.0
10158.0
10349.0
10405.0
10278.0
10109.0
10057.0
10199.0
9893.0
10142.0
10158.0
10376.0
9786.0
9733.0
10325.0
10361.0
10282.0
10343.0
9843.0
9637.0
10350.0
10201.0
9614.0
9770.0
10392.0
10482.0
9917.0
10611.0
10155.0
10304.0
10270.0
10202.0
10130.0
10008.0
10656.0
9910.0
10023.0
10465.0
9967.0
9966.0
9766.0
10089.0
10159.0
10386.0
10164.0
10442.0
10329.0
10057.0
9398.0
9706.0
10148.0
10430.0
10302.0
10131.0
10111.0
9992.0
9288.0
10375.0
10082.0
10166.0
10369.0
10303.0
9638.0
10431.0
9828.0
10345.0
10365.0
10026.0
10354.0
9926.0
10330.0
10424.0
10299.0
10236.0
9633.0
Run Stats for experiment at: 04-05-2017 01:42:31
9470.0
10105.0
10142.0
10211.0
10088.0
10316.0
9979.0
10136.0
10197.0
10111.0
10283.0
10474.0
10179.0
10197.0
10296.0
10384.0
9835.0
10200.0
9871.0
10263.0
9955.0
10292.0
9953.0
10126.0
9999.0
10623.0
9475.0
9833.0
10208.0
10463.0
10538.0
9761.0
10168.0
9669.0
10265.0
9869.0
10523.0
10083.0
9587.0
10251.0
9613.0
9961.0
10138.0
10166.0
10067.0
10347.0
10347.0
10198.0
9973.0
9380.0
10269.0
10687.0
10329.0
9824.0
9869.0
10621.0
9588.0
10206.0
10195.0
9857.0
10354.0
10327.0
10516.0
10221.0
10152.0
9868.0
10264.0
9788.0
10618.0
10032.0
10417.0
9856.0
10136.0
10077.0
10143.0
9902.0
9893.0
10259.0
10426.0
10126.0
10238.0
10309.0
10324.0
10010.0
10219.0
10318.0
10287.0
10248.0
9955.0
10219.0
10184.0
10488.0
10058.0
9497.0
10208.0
10611.0
10147.0
10121.0
10103.0
9851.0
Run Stats for experiment at: 04-05-2017 01:44:23
10401.0
10107.0
10393.0
10544.0
10250.0
10395.0
10376.0
10762.0
10282.0
9965.0
9511.0
10319.0
10032.0
10169.0
10502.0
10275.0
10481.0
10495.0
10143.0
10334.0
10136.0
10288.0
10435.0
9845.0
9811.0
10487.0
9891.0
10366.0
10438.0
10229.0
10161.0
9969.0
10547.0
10170.0
10104.0
9931.0
10290.0
9993.0
10194.0
10498.0
9922.0
10441.0
10299.0
10187.0
10452.0
10130.0
10109.0
10076.0
10451.0
10242.0
10191.0
10166.0
10239.0
10103.0
10470.0
10333.0
10126.0
10058.0
9636.0
9444.0
9942.0
10142.0
10107.0
9871.0
10056.0
9656.0
9698.0
10377.0
9820.0
10181.0
10142.0
9841.0
10424.0
9769.0
10688.0
10125.0
10380.0
9129.0
10005.0
10240.0
10330.0
10403.0
10267.0
10097.0
10142.0
10101.0
10054.0
9942.0
10168.0
10378.0
9794.0
10503.0
9877.0
10149.0
9919.0
10267.0
9984.0
9870.0
10571.0
10499.0
Run Stats for experiment at: 04-05-2017 01:47:05
10204.0
10226.0
9710.0
9855.0
10582.0
9794.0
10122.0
10556.0
10258.0
10066.0
9940.0
10420.0
10526.0
9914.0
10004.0
10558.0
9842.0
10252.0
9681.0
10351.0
10556.0
10518.0
10294.0
10332.0
10221.0
10340.0
10038.0
10282.0
10145.0
10662.0
10022.0
10252.0
9804.0
10033.0
10484.0
10089.0
10045.0
9825.0
10054.0
10725.0
10418.0
9993.0
10213.0
10163.0
9830.0
10257.0
9825.0
10012.0
10307.0
9657.0
10135.0
10260.0
10775.0
9616.0
9468.0
10000.0
10031.0
9032.0
10114.0
10195.0
10331.0
10040.0
10401.0
10261.0
10019.0
10523.0
10294.0
10072.0
10781.0
10301.0
10360.0
10316.0
10591.0
9876.0
9948.0
10445.0
10125.0
9876.0
10105.0
10019.0
9916.0
9994.0
10534.0
9846.0
10130.0
10106.0
10201.0
10464.0
10155.0
10140.0
10060.0
9728.0
10218.0
9634.0
10252.0
9887.0
10458.0
9886.0
10266.0
10885.0
Run Stats for experiment at: 04-05-2017 02:07:24
10466.0
10302.0
10455.0
9172.0
9942.0
10148.0
10250.0
10460.0
9901.0
9906.0
10129.0
10339.0
10642.0
9441.0
10285.0
10167.0
9100.0
10722.0
10259.0
10717.0
10058.0
9710.0
10312.0
10540.0
10585.0
9981.0
9909.0
10349.0
10233.0
10373.0
10188.0
10292.0
10319.0
10123.0
10005.0
9921.0
9819.0
9948.0
10034.0
9973.0
9886.0
9803.0
10383.0
10373.0
9902.0
10349.0
10436.0
10222.0
10078.0
10238.0
10092.0
9842.0
9346.0
9853.0
9789.0
10273.0
10108.0
9927.0
10191.0
9960.0
9919.0
9986.0
10330.0
9763.0
10408.0
9873.0
10054.0
9678.0
10190.0
10299.0
10394.0
10052.0
10036.0
10048.0
10180.0
10121.0
10158.0
10316.0
10286.0
9842.0
10100.0
10085.0
10177.0
10482.0
10128.0
10457.0
10184.0
10484.0
10332.0
10180.0
10156.0
9375.0
10270.0
10381.0
9934.0
10425.0
10597.0
10005.0
9950.0
10344.0
Run Stats for experiment at: 04-05-2017 08:31:07
Run Stats for experiment at: 04-05-2017 08:32:40
Run Stats for experiment at: 04-05-2017 08:33:14
Run Stats for experiment at: 04-05-2017 08:33:50
Run Stats for experiment at: 04-05-2017 08:34:38
Run Stats for experiment at: 04-05-2017 08:36:27
Run Stats for experiment at: 04-05-2017 08:43:52
Run Stats for experiment at: 04-05-2017 08:46:43
Run Stats for experiment at: 04-05-2017 08:47:33
Run Stats for experiment at: 04-05-2017 08:48:06
Run Stats for experiment at: 04-05-2017 08:49:37
Run Stats for experiment at: 04-05-2017 08:50:55
Run Stats for experiment at: 04-05-2017 08:52:33
Run Stats for experiment at: 04-05-2017 08:53:53
Run Stats for experiment at: 04-05-2017 08:54:27
Run Stats for experiment at: 04-05-2017 08:55:31
Run Stats for experiment at: 04-05-2017 08:56:18
Run Stats for experiment at: 04-05-2017 08:56:55
Run Stats for experiment at: 04-05-2017 08:58:51
Run Stats for experiment at: 04-05-2017 08:59:22
Run Stats for experiment at: 04-05-2017 09:09:26
Run Stats for experiment at: 04-05-2017 09:11:25
Run Stats for experiment at: 04-05-2017 09:13:25
Run Stats for experiment at: 04-05-2017 09:17:05
9533.0
10477.0
10818.0
10862.0
10666.0
10753.0
10593.0
10186.0
10463.0
9841.0
10963.0
10191.0
10769.0
10082.0
10402.0
9875.0
10823.0
10337.0
9981.0
11072.0
11142.0
10429.0
10683.0
11105.0
10058.0
10144.0
10964.0
10632.0
11062.0
11158.0
11050.0
10820.0
11057.0
10383.0
10035.0
10238.0
11000.0
10315.0
11134.0
10692.0
10335.0
10160.0
10289.0
10657.0
11094.0
10854.0
9958.0
10591.0
10706.0
10424.0
10144.0
10243.0
10090.0
10316.0
10781.0
10391.0
10947.0
10307.0
10533.0
10306.0
10418.0
10553.0
Run Stats for experiment at: 04-05-2017 09:17:55
10411.0
10284.0
10513.0
10217.0
11056.0
10805.0
10254.0
9926.0
10149.0
10355.0
11062.0
9869.0
10276.0
10445.0
9991.0
9623.0
10319.0
10577.0
10818.0
10553.0
10428.0
9762.0
9995.0
9850.0
9996.0
10979.0
10984.0
10694.0
10441.0
10543.0
11011.0
10937.0
10593.0
10481.0
10523.0
9565.0
11216.0
10572.0
10904.0
10265.0
11209.0
10736.0
10215.0
10528.0
10655.0
10177.0
10598.0
10048.0
9167.0
11032.0
10555.0
10600.0
10863.0
10573.0
10960.0
10803.0
10676.0
10883.0
10425.0
10932.0
10710.0
10627.0
9533.0
10368.0
9763.0
10952.0
10090.0
10072.0
10883.0
10561.0
10097.0
10991.0
10438.0
11245.0
10748.0
10948.0
10612.0
10581.0
10062.0
10562.0
10375.0
10298.0
10095.0
10380.0
10967.0
10679.0
10926.0
10741.0
10587.0
10607.0
10305.0
10072.0
10936.0
10868.0
10293.0
10330.0
11331.0
10759.0
11039.0
10655.0
Run Stats for experiment at: 04-05-2017 09:22:00
10383.0
11128.0
10328.0
11093.0
10413.0
10993.0
10521.0
10735.0
10518.0
10341.0
10818.0
10517.0
10441.0
10957.0
10784.0
9835.0
10581.0
10354.0
10261.0
10517.0
10848.0
10966.0
9821.0
10793.0
10191.0
10118.0
9560.0
10405.0
11108.0
11128.0
10536.0
10380.0
10831.0
10310.0
10455.0
10233.0
10571.0
10150.0
10589.0
10521.0
11111.0
10370.0
10708.0
10937.0
10401.0
10336.0
11336.0
10154.0
10649.0
10491.0
10708.0
10289.0
11159.0
10642.0
10625.0
9654.0
10395.0
9985.0
9873.0
10558.0
10020.0
9524.0
10684.0
10195.0
10314.0
10869.0
10610.0
10448.0
10088.0
10806.0
10316.0
11017.0
10689.0
10550.0
9933.0
11015.0
10330.0
10568.0
10600.0
10522.0
10582.0
9807.0
10721.0
10374.0
10700.0
10650.0
10464.0
10316.0
10198.0
9812.0
9641.0
11080.0
10270.0
10674.0
10471.0
10252.0
10580.0
10468.0
10092.0
10058.0
Run Stats for experiment at: 04-05-2017 09:31:40
10437.0
10556.0
10896.0
10392.0
10842.0
10445.0
11068.0
10687.0
10965.0
10595.0
11061.0
11013.0
9369.0
10149.0
10945.0
10561.0
10056.0
9713.0
9791.0
10492.0
10395.0
10791.0
10959.0
10822.0
10888.0
9858.0
10279.0
9887.0
10201.0
10538.0
10500.0
10786.0
10436.0
10610.0
9897.0
10836.0
10861.0
11185.0
10595.0
10221.0
10318.0
9717.0
10754.0
11383.0
10154.0
10681.0
10419.0
10412.0
10758.0
11200.0
10911.0
10722.0
10878.0
10701.0
10900.0
10574.0
10727.0
10341.0
10366.0
10453.0
10831.0
10120.0
10912.0
10098.0
10145.0
10376.0
10172.0
10373.0
9865.0
11074.0
10025.0
10531.0
10427.0
10819.0
11115.0
10773.0
10563.0
10427.0
10343.0
10115.0
10183.0
10818.0
11127.0
10315.0
10937.0
9522.0
9500.0
10004.0
10800.0
10180.0
10197.0
10807.0
10102.0
9918.0
10670.0
11390.0
9822.0
10107.0
10374.0
10841.0
Run Stats for experiment at: 04-05-2017 09:35:16
10815.0
11057.0
10635.0
10932.0
10273.0
10440.0
11115.0
10442.0
10670.0
9932.0
10626.0
10224.0
11301.0
10587.0
10504.0
10709.0
10402.0
10149.0
10133.0
10664.0
10695.0
10827.0
10955.0
10767.0
11317.0
10451.0
10801.0
10593.0
10651.0
10162.0
10321.0
9861.0
11432.0
10371.0
10370.0
10533.0
10111.0
10308.0
10413.0
10036.0
11147.0
9184.0
10364.0
10015.0
10724.0
10288.0
9996.0
10815.0
10345.0
10483.0
11218.0
10599.0
10404.0
10269.0
10480.0
10134.0
11210.0
9843.0
10657.0
11203.0
10066.0
10565.0
10543.0
10454.0
10801.0
10681.0
10372.0
10465.0
10843.0
11094.0
10659.0
10409.0
10279.0
10196.0
10996.0
10460.0
10830.0
10159.0
9464.0
11208.0
10470.0
9968.0
11162.0
10169.0
10387.0
10877.0
10472.0
10470.0
10143.0
10708.0
10622.0
10565.0
10607.0
10302.0
10136.0
9990.0
10234.0
10537.0
10831.0
10616.0
Run Stats for experiment at: 04-05-2017 09:47:39
Run Stats for experiment at: 04-05-2017 09:48:22
Run Stats for experiment at: 04-05-2017 09:48:47
Run Stats for experiment at: 04-05-2017 09:49:49
11086.0
10449.0
10069.0
10542.0
9817.0
10470.0
10915.0
10805.0
10253.0
10802.0
10098.0
10164.0
10367.0
10885.0
10751.0
11470.0
10624.0
10579.0
10526.0
10446.0
10533.0
11043.0
10345.0
10117.0
10612.0
10556.0
10569.0
10655.0
10574.0
11101.0
10519.0
10215.0
11255.0
9642.0
9920.0
9778.0
Run Stats for experiment at: 04-05-2017 09:51:21
10313.0
9894.0
10345.0
10453.0
10487.0
10181.0
10047.0
9908.0
10113.0
10367.0
10212.0
10406.0
10796.0
10224.0
10121.0
10202.0
10849.0
10309.0
10505.0
10037.0
9965.0
10871.0
10560.0
10613.0
11093.0
10638.0
9862.0
10045.0
10617.0
10341.0
10336.0
9865.0
10327.0
9885.0
10123.0
10862.0
10315.0
10425.0
10258.0
10016.0
10138.0
10343.0
10159.0
10823.0
10056.0
10605.0
9990.0
10551.0
9971.0
11069.0
10507.0
10920.0
10611.0
9960.0
10735.0
10565.0
10674.0
10056.0
10155.0
10303.0
10317.0
10109.0
10919.0
10369.0
10467.0
10604.0
10563.0
10301.0
10423.0
10347.0
9957.0
10653.0
10625.0
10509.0
10052.0
10415.0
10581.0
10458.0
9932.0
10424.0
10421.0
10122.0
10898.0
10788.0
10178.0
10478.0
10642.0
10334.0
9969.0
10387.0
10585.0
10148.0
9693.0
9965.0
9895.0
10395.0
10671.0
10649.0
10520.0
10644.0
Run Stats for experiment at: 04-05-2017 15:36:11
10530.0
10497.0
10831.0
11005.0
10445.0
10715.0
10627.0
10305.0
10398.0
11005.0
10652.0
10590.0
10071.0
10212.0
10203.0
10632.0
10618.0
10504.0
10625.0
10206.0
10760.0
10436.0
10741.0
10502.0
10702.0
10666.0
10504.0
10149.0
9912.0
10429.0
10847.0
10828.0
10157.0
10437.0
10461.0
10551.0
10344.0
10689.0
10741.0
10738.0
10438.0
9932.0
10797.0
10335.0
10125.0
10426.0
10140.0
10364.0
10522.0
10711.0
10475.0
10352.0
9317.0
10509.0
10036.0
10768.0
10449.0
10592.0
10034.0
10105.0
10562.0
10480.0
10205.0
10101.0
10369.0
10292.0
10191.0
10404.0
10641.0
10544.0
10800.0
10594.0
10155.0
9768.0
10114.0
10005.0
10605.0
10434.0
10793.0
10648.0
10367.0
10513.0
10233.0
10425.0
10688.0
9725.0
10602.0
10391.0
10424.0
10461.0
10519.0
10662.0
10483.0
10906.0
10038.0
10060.0
10088.0
10403.0
10608.0
10677.0
Run Stats for experiment at: 04-05-2017 15:40:14
11056.0
10171.0
10202.0
10207.0
9522.0
9821.0
10023.0
10755.0
10783.0
10620.0
10629.0
10724.0
10272.0
10264.0
10555.0
9566.0
10613.0
10296.0
9836.0
10758.0
10590.0
10713.0
10328.0
10451.0
10295.0
10808.0
10605.0
10328.0
11006.0
10552.0
10725.0
10248.0
10102.0
10466.0
10710.0
10439.0
10557.0
10229.0
10451.0
10701.0
10275.0
10285.0
10192.0
9467.0
10506.0
10562.0
10505.0
10430.0
11020.0
10274.0
10855.0
10536.0
10698.0
10365.0
10210.0
9933.0
10447.0
9619.0
10752.0
10074.0
11003.0
10886.0
10669.0
10975.0
10907.0
10844.0
10477.0
10250.0
10442.0
10545.0
10488.0
10806.0
10748.0
10479.0
10498.0
10099.0
10543.0
10165.0
10437.0
10833.0
10112.0
10330.0
9006.0
10017.0
10435.0
10347.0
10650.0
10334.0
9852.0
10722.0
10510.0
10797.0
10623.0
10804.0
10545.0
Run Stats for experiment at: 04-05-2017 15:44:24
10299.0
10638.0
9845.0
10853.0
10039.0
10453.0
9638.0
10149.0
10597.0
10876.0
10544.0
10535.0
10676.0
9993.0
10320.0
10308.0
9585.0
10760.0
10342.0
10084.0
10593.0
10721.0
10647.0
10632.0
10093.0
10878.0
9986.0
10666.0
10797.0
10050.0
10294.0
10446.0
10451.0
10070.0
10462.0
10561.0
10794.0
10570.0
10233.0
10144.0
10342.0
10425.0
9897.0
10444.0
10353.0
10492.0
10823.0
10054.0
10706.0
10534.0
9612.0
10651.0
10567.0
9967.0
10680.0
9941.0
10374.0
10305.0
10649.0
10187.0
10546.0
11212.0
10490.0
10482.0
10457.0
10296.0
10295.0
10686.0
10184.0
10071.0
10793.0
9690.0
9970.0
10527.0
10398.0
10920.0
10931.0
10421.0
10943.0
10466.0
9993.0
10442.0
9923.0
9613.0
10490.0
10657.0
10604.0
10298.0
9843.0
10591.0
10408.0
10509.0
9665.0
10302.0
10690.0
10020.0
10781.0
10958.0
10145.0
10291.0
Run Stats for experiment at: 04-05-2017 15:46:25
10171.0
10554.0
10497.0
10124.0
10850.0
10647.0
10076.0
10458.0
10330.0
10452.0
10409.0
9307.0
10024.0
10264.0
10467.0
10611.0
10417.0
9754.0
10637.0
10507.0
10529.0
10363.0
10961.0
10395.0
10340.0
10952.0
10826.0
10541.0
10751.0
10330.0
10562.0
10178.0
10879.0
10303.0
10506.0
10658.0
10630.0
10148.0
10234.0
9969.0
10117.0
10388.0
10650.0
10864.0
10473.0
9955.0
10273.0
10835.0
9924.0
10080.0
10096.0
9587.0
9932.0
10227.0
10740.0
10192.0
10378.0
10293.0
10338.0
10102.0
9997.0
10322.0
10580.0
10225.0
10842.0
10723.0
10328.0
10504.0
10598.0
10918.0
10935.0
10061.0
10522.0
10287.0
10385.0
9574.0
10133.0
10607.0
10335.0
11099.0
10493.0
10124.0
10798.0
10508.0
10160.0
10214.0
10737.0
10431.0
10080.0
10527.0
10171.0
9993.0
10134.0
10208.0
10721.0
10654.0
10712.0
9330.0
10352.0
10639.0
Run Stats for experiment at: 04-05-2017 15:53:19
10597.0
10765.0
10505.0
10878.0
10145.0
11078.0
10502.0
10358.0
10705.0
10441.0
10666.0
10358.0
10714.0
10801.0
9698.0
10345.0
10617.0
10476.0
11063.0
10352.0
10162.0
10240.0
10431.0
10685.0
10997.0
10441.0
10273.0
10142.0
9994.0
10886.0
10337.0
11036.0
9837.0
10022.0
10513.0
10079.0
10676.0
10574.0
10483.0
9456.0
10390.0
10236.0
10633.0
10036.0
10321.0
10398.0
9822.0
10528.0
10178.0
10692.0
10883.0
9870.0
10510.0
10566.0
9858.0
10240.0
10301.0
10160.0
9936.0
9761.0
10460.0
10089.0
10432.0
10793.0
10438.0
9986.0
10032.0
9944.0
10692.0
10257.0
10226.0
10492.0
10057.0
10766.0
10774.0
10364.0
10792.0
10566.0
10368.0
9955.0
10596.0
10602.0
10475.0
10278.0
10271.0
10624.0
10034.0
10318.0
10921.0
10856.0
10459.0
10889.0
10109.0
10771.0
10776.0
10787.0
10449.0
10413.0
10239.0
10110.0
Run Stats for experiment at: 04-05-2017 15:56:47
9948.0
10276.0
10001.0
10142.0
10349.0
Run Stats for experiment at: 04-05-2017 15:57:41
10104.0
10569.0
10036.0
10209.0
10036.0
Run Stats for experiment at: 04-05-2017 16:05:29
10383.0
11093.0
10262.0
10724.0
10884.0
10921.0
10102.0
10412.0
10684.0
10703.0
10699.0
9955.0
10724.0
10146.0
10800.0
10257.0
9924.0
10632.0
10475.0
10711.0
10163.0
10811.0
10298.0
10645.0
10897.0
10703.0
10799.0
10303.0
10142.0
10568.0
10335.0
10801.0
10192.0
10066.0
10288.0
10613.0
10889.0
10757.0
10279.0
10818.0
10100.0
9921.0
10015.0
10363.0
10588.0
10113.0
10589.0
10699.0
10124.0
10407.0
9898.0
10297.0
10380.0
10555.0
10762.0
9916.0
10348.0
10673.0
10126.0
10483.0
10785.0
10747.0
10983.0
10274.0
10589.0
10637.0
10194.0
10000.0
10280.0
10936.0
10568.0
10576.0
10324.0
10568.0
10713.0
10244.0
10870.0
10478.0
11110.0
9303.0
10617.0
10489.0
10005.0
10228.0
10251.0
10378.0
10567.0
10389.0
10528.0
10522.0
10880.0
10332.0
10549.0
10559.0
10486.0
10400.0
10210.0
10074.0
10435.0
10650.0
Run Stats for experiment at: 04-05-2017 17:24:08
10977.0
10143.0
10117.0
10606.0
10584.0
10686.0
10626.0
10642.0
10787.0
10591.0
9930.0
10614.0
10486.0
10680.0
10054.0
10355.0
10543.0
10515.0
10144.0
10356.0
9512.0
10565.0
10739.0
9911.0
10748.0
10179.0
10348.0
10199.0
10194.0
10711.0
10674.0
10389.0
10051.0
10058.0
9889.0
10458.0
9979.0
10554.0
10544.0
10399.0
10272.0
9979.0
10543.0
10771.0
10873.0
10378.0
10215.0
10480.0
10538.0
10116.0
10220.0
10863.0
10732.0
11020.0
10539.0
10070.0
10401.0
9463.0
9825.0
10221.0
10372.0
10057.0
10187.0
10301.0
10064.0
10862.0
9991.0
10162.0
10268.0
10523.0
9925.0
10357.0
10334.0
10767.0
10622.0
10277.0
9667.0
10677.0
9960.0
10182.0
10120.0
10150.0
10270.0
9890.0
10830.0
10372.0
10527.0
9998.0
10697.0
10415.0
10796.0
10092.0
10354.0
10600.0
10357.0
10751.0
10691.0
10941.0
10492.0
9671.0
Run Stats for experiment at: 04-05-2017 17:26:06
10604.0
10703.0
10612.0
10279.0
10765.0
10578.0
10320.0
10848.0
9897.0
10537.0
10160.0
10221.0
10787.0
10613.0
10157.0
10672.0
10620.0
10526.0
9828.0
10008.0
9933.0
10513.0
9871.0
11033.0
9943.0
10170.0
10423.0
10073.0
10029.0
10036.0
10350.0
10692.0
10478.0
10322.0
10206.0
10474.0
10687.0
10237.0
10741.0
10291.0
10775.0
10390.0
10566.0
10603.0
10561.0
10867.0
10844.0
10464.0
10415.0
10166.0
10251.0
10766.0
10600.0
10490.0
10706.0
10645.0
9850.0
10101.0
10138.0
10683.0
10904.0
10568.0
10480.0
10098.0
10541.0
10249.0
10446.0
10082.0
11045.0
10187.0
9921.0
9518.0
10136.0
10775.0
10521.0
10345.0
10348.0
10598.0
9960.0
10645.0
10572.0
10219.0
10192.0
10399.0
10266.0
10414.0
10525.0
10586.0
10358.0
10469.0
10768.0
10369.0
10361.0
10600.0
10743.0
10351.0
10126.0
10439.0
10725.0
10025.0
Run Stats for experiment at: 04-05-2017 17:34:20
Run Stats for experiment at: 04-05-2017 17:34:57
10602.0
11131.0
10420.0
10544.0
11339.0
10675.0
11497.0
11153.0
10947.0
10927.0
10804.0
11628.0
9751.0
11630.0
10925.0
11521.0
11479.0
11087.0
10340.0
11670.0
10698.0
11140.0
10724.0
11544.0
11144.0
11309.0
11159.0
11103.0
10663.0
10929.0
11170.0
10787.0
11244.0
11343.0
10929.0
11543.0
11445.0
11167.0
11040.0
11239.0
10577.0
11383.0
11348.0
10959.0
10973.0
11171.0
11275.0
11359.0
10867.0
11491.0
11060.0
11117.0
10556.0
10875.0
10645.0
11832.0
10683.0
11267.0
11234.0
11302.0
11066.0
11112.0
10917.0
11612.0
11263.0
11046.0
11780.0
11180.0
10518.0
10820.0
11371.0
10352.0
11277.0
10587.0
10718.0
10683.0
11489.0
11235.0
11308.0
12245.0
10641.0
12132.0
11041.0
11224.0
11062.0
11721.0
11594.0
10697.0
11183.0
11888.0
11226.0
11283.0
11444.0
11297.0
11788.0
11605.0
10560.0
11097.0
11228.0
11296.0
Run Stats for experiment at: 04-05-2017 17:38:09
11016.0
11597.0
11646.0
10986.0
11384.0
11615.0
11187.0
11584.0
10950.0
12026.0
Run Stats for experiment at: 04-05-2017 17:39:15
9896.0
11195.0
11528.0
10830.0
11170.0
11261.0
10616.0
10857.0
11409.0
11619.0
11650.0
11699.0
11392.0
10856.0
11523.0
11180.0
11614.0
10656.0
11667.0
11191.0
10436.0
11037.0
10661.0
10711.0
10867.0
11074.0
10539.0
Run Stats for experiment at: 04-05-2017 17:39:55
10978.0
11267.0
10786.0
10870.0
11631.0
11812.0
11487.0
11433.0
11255.0
10560.0
10493.0
11035.0
11514.0
10056.0
11518.0
11334.0
10846.0
11134.0
11668.0
10465.0
11385.0
11087.0
11155.0
11274.0
10466.0
10543.0
12427.0
10372.0
11073.0
11548.0
10511.0
11547.0
11438.0
10757.0
11254.0
12113.0
10677.0
11143.0
11049.0
11233.0
11723.0
11011.0
10753.0
11194.0
10296.0
10694.0
10494.0
11410.0
11145.0
10436.0
11273.0
11234.0
11675.0
11376.0
11689.0
11366.0
11235.0
11230.0
10826.0
11625.0
11353.0
11972.0
11022.0
10920.0
10684.0
10853.0
11445.0
11511.0
10719.0
11397.0
11624.0
11168.0
10875.0
10879.0
11826.0
9913.0
10474.0
11101.0
12188.0
11548.0
11649.0
11118.0
11129.0
11035.0
11226.0
10850.0
10782.0
11335.0
11549.0
11242.0
11018.0
10496.0
11158.0
11246.0
11649.0
10819.0
11105.0
11498.0
11958.0
11363.0
Run Stats for experiment at: 04-05-2017 17:42:37
9549.0
9384.0
9673.0
9960.0
10263.0
9884.0
9641.0
9537.0
9277.0
9993.0
9865.0
9771.0
9251.0
9761.0
10230.0
9844.0
9997.0
10198.0
9729.0
10254.0
9713.0
10086.0
9501.0
9449.0
9892.0
9822.0
10284.0
9834.0
10052.0
9818.0
9951.0
9856.0
10095.0
9767.0
9700.0
10118.0
9041.0
9816.0
9660.0
9900.0
9761.0
9162.0
9254.0
9964.0
9966.0
10078.0
9506.0
9844.0
10073.0
9476.0
9721.0
10139.0
9717.0
9849.0
9635.0
9982.0
9652.0
9259.0
9776.0
9804.0
9660.0
9910.0
9646.0
9861.0
9625.0
9967.0
10363.0
9616.0
9990.0
9520.0
10180.0
9953.0
9772.0
10081.0
9732.0
9466.0
10041.0
9760.0
9893.0
9525.0
9211.0
10163.0
10001.0
9472.0
9946.0
9735.0
10058.0
9490.0
9953.0
10027.0
9808.0
10144.0
9674.0
9046.0
10053.0
9746.0
9980.0
9462.0
9828.0
9995.0
Run Stats for experiment at: 04-05-2017 17:45:15
10465.0
10819.0
11444.0
11294.0
10544.0
11075.0
10449.0
11203.0
11216.0
10877.0
11216.0
11424.0
11281.0
11542.0
11500.0
10770.0
11064.0
Run Stats for experiment at: 04-05-2017 17:46:28
8938.0
9359.0
8960.0
9281.0
8025.0
9118.0
9215.0
8975.0
9218.0
9166.0
8638.0
9333.0
8669.0
8899.0
9097.0
8550.0
9044.0
8963.0
9237.0
8973.0
8869.0
8939.0
8830.0
9204.0
8416.0
8580.0
9307.0
8877.0
8520.0
9111.0
9288.0
8629.0
9160.0
9024.0
8897.0
9312.0
9362.0
9129.0
8353.0
9284.0
9033.0
9104.0
9639.0
9008.0
9107.0
8407.0
8841.0
8694.0
9260.0
9018.0
9203.0
9296.0
8933.0
Run Stats for experiment at: 04-05-2017 17:48:08
8886.0
8857.0
9189.0
8821.0
8626.0
8919.0
9074.0
9064.0
8974.0
9028.0
8339.0
8833.0
8956.0
8904.0
9251.0
9072.0
9213.0
9097.0
9225.0
9090.0
9263.0
9107.0
8640.0
8532.0
8889.0
9241.0
8775.0
9218.0
8892.0
9024.0
8883.0
8637.0
9111.0
9333.0
8801.0
9244.0
8650.0
8481.0
9338.0
8951.0
8511.0
9398.0
8993.0
8827.0
9199.0
8876.0
8585.0
9029.0
9063.0
8860.0
9477.0
9251.0
9117.0
9026.0
9348.0
8197.0
9393.0
8646.0
9193.0
8961.0
9268.0
8699.0
10007.0
9245.0
9234.0
8995.0
9057.0
9197.0
8956.0
9001.0
9073.0
8368.0
9064.0
9272.0
8821.0
8819.0
9226.0
8837.0
9074.0
9402.0
8771.0
8751.0
9200.0
9135.0
8859.0
9256.0
8994.0
9128.0
8922.0
8941.0
8487.0
9515.0
8682.0
9068.0
8627.0
9134.0
8733.0
9088.0
8827.0
8540.0
Run Stats for experiment at: 04-05-2017 17:51:09
9172.0
8967.0
8734.0
8424.0
8575.0
8579.0
8990.0
8846.0
9061.0
8466.0
8740.0
9054.0
9050.0
8883.0
9140.0
9306.0
9383.0
9001.0
9239.0
9666.0
8708.0
9187.0
8645.0
8685.0
9030.0
8699.0
8626.0
9042.0
8984.0
8793.0
9217.0
9032.0
8634.0
9534.0
9102.0
8873.0
9188.0
8738.0
8994.0
8350.0
8297.0
9099.0
9240.0
9162.0
8675.0
9099.0
8904.0
8893.0
9399.0
9451.0
9656.0
8973.0
8993.0
8426.0
8946.0
8918.0
9307.0
8825.0
9238.0
9068.0
8795.0
8900.0
8833.0
9006.0
9247.0
8757.0
9057.0
8611.0
8981.0
9116.0
9199.0
9163.0
9091.0
8346.0
9101.0
9172.0
8976.0
9110.0
9218.0
9147.0
9220.0
9018.0
Run Stats for experiment at: 04-05-2017 17:52:20
9085.0
9316.0
8730.0
8914.0
8944.0
9255.0
9032.0
8864.0
8860.0
9079.0
8694.0
9268.0
9214.0
8404.0
8998.0
8908.0
9047.0
9396.0
9002.0
8956.0
9566.0
9005.0
9266.0
8985.0
8973.0
8652.0
9269.0
9192.0
9160.0
8906.0
8870.0
9295.0
9214.0
9320.0
9084.0
9275.0
8355.0
8866.0
9263.0
9236.0
8854.0
9401.0
8895.0
9006.0
9047.0
8872.0
8899.0
8860.0
8962.0
8898.0
9187.0
8524.0
9153.0
9055.0
8926.0
8956.0
8982.0
9069.0
9316.0
9317.0
8136.0
9104.0
8593.0
9082.0
8964.0
8922.0
8978.0
9031.0
8931.0
8692.0
8822.0
8832.0
8796.0
9060.0
9003.0
8142.0
8146.0
8964.0
8850.0
8981.0
9170.0
9138.0
9364.0
8510.0
9218.0
8370.0
8908.0
8821.0
8911.0
9006.0
9251.0
9405.0
9127.0
9327.0
9286.0
9004.0
9206.0
8856.0
9003.0
8747.0
Run Stats for experiment at: 04-06-2017 02:28:50
9033.0
8589.0
8785.0
8641.0
9159.0
8611.0
9357.0
9452.0
9096.0
8885.0
9062.0
8667.0
9379.0
8951.0
8725.0
9365.0
9188.0
9318.0
8888.0
8856.0
8974.0
9114.0
8401.0
8861.0
9265.0
8966.0
9058.0
9414.0
9241.0
9421.0
8923.0
9066.0
8980.0
9433.0
9284.0
8873.0
9589.0
9251.0
8936.0
9278.0
9137.0
8945.0
9275.0
9426.0
9680.0
9328.0
8840.0
9117.0
8979.0
9010.0
8826.0
8888.0
8543.0
8666.0
9028.0
9369.0
9253.0
8573.0
8880.0
9395.0
8652.0
8875.0
9335.0
9117.0
8583.0
9623.0
9530.0
9026.0
8588.0
9215.0
9032.0
9072.0
9152.0
8843.0
8966.0
8390.0
8927.0
8892.0
9195.0
9085.0
8853.0
9454.0
9601.0
8776.0
9338.0
9047.0
9065.0
9021.0
9160.0
9423.0
9392.0
9337.0
9300.0
8948.0
8920.0
8722.0
8508.0
9191.0
8912.0
8911.0
Run Stats for experiment at: 04-06-2017 08:12:28
Run Stats for experiment at: 04-06-2017 08:14:59
Run Stats for experiment at: 04-06-2017 08:15:34
Run Stats for experiment at: 04-06-2017 08:16:22
Run Stats for experiment at: 04-06-2017 08:16:43
Run Stats for experiment at: 04-06-2017 08:17:07
Run Stats for experiment at: 04-06-2017 08:17:33
Run Stats for experiment at: 04-06-2017 08:17:52
Run Stats for experiment at: 04-06-2017 08:18:52
Run Stats for experiment at: 04-06-2017 08:19:22
Run Stats for experiment at: 04-06-2017 08:20:01
Run Stats for experiment at: 04-06-2017 08:20:59
Run Stats for experiment at: 04-06-2017 08:22:01
Run Stats for experiment at: 04-06-2017 08:23:25
Run Stats for experiment at: 04-06-2017 08:27:54
Run Stats for experiment at: 04-06-2017 08:29:11
Run Stats for experiment at: 04-06-2017 08:33:52
Run Stats for experiment at: 04-06-2017 08:35:29
Run Stats for experiment at: 04-06-2017 08:38:32
Run Stats for experiment at: 04-06-2017 08:40:15
Run Stats for experiment at: 04-06-2017 08:41:14
Run Stats for experiment at: 04-06-2017 08:42:13
Run Stats for experiment at: 04-06-2017 08:46:21
Run Stats for experiment at: 04-06-2017 08:48:50
Run Stats for experiment at: 04-06-2017 08:49:19
Run Stats for experiment at: 04-06-2017 08:51:31
Run Stats for experiment at: 04-06-2017 08:53:45
Run Stats for experiment at: 04-06-2017 08:54:18
Run Stats for experiment at: 04-06-2017 08:55:19
Run Stats for experiment at: 04-06-2017 08:56:27
Run Stats for experiment at: 04-06-2017 08:57:41
Run Stats for experiment at: 04-06-2017 08:58:24
Run Stats for experiment at: 04-06-2017 08:59:34
Run Stats for experiment at: 04-06-2017 09:00:37
Run Stats for experiment at: 04-06-2017 09:10:23
Run Stats for experiment at: 04-06-2017 09:11:14
Run Stats for experiment at: 04-06-2017 09:11:42
Run Stats for experiment at: 04-06-2017 09:12:42
Run Stats for experiment at: 04-06-2017 09:13:42
Run Stats for experiment at: 04-06-2017 09:14:42
Run Stats for experiment at: 04-06-2017 09:18:35
Run Stats for experiment at: 04-06-2017 09:19:28
Run Stats for experiment at: 04-06-2017 09:20:39
Run Stats for experiment at: 04-06-2017 09:22:01
Run Stats for experiment at: 04-06-2017 09:24:21
Run Stats for experiment at: 04-06-2017 09:28:09
Run Stats for experiment at: 04-06-2017 09:29:54
Run Stats for experiment at: 04-06-2017 09:32:59
Run Stats for experiment at: 04-06-2017 09:34:16
Run Stats for experiment at: 04-06-2017 09:34:51
Run Stats for experiment at: 04-06-2017 09:36:37
Run Stats for experiment at: 04-06-2017 09:37:21
Run Stats for experiment at: 04-06-2017 09:39:18
Run Stats for experiment at: 04-06-2017 09:41:40
Run Stats for experiment at: 04-06-2017 09:42:53
Run Stats for experiment at: 04-06-2017 09:45:45
Run Stats for experiment at: 04-06-2017 09:51:09
Run Stats for experiment at: 04-06-2017 09:56:36
Run Stats for experiment at: 04-06-2017 14:11:48
Run Stats for experiment at: 04-06-2017 14:16:12
Run Stats for experiment at: 04-06-2017 14:18:11
9303.0
8720.0
8892.0
9472.0
9051.0
9147.0
9119.0
8186.0
8894.0
8924.0
9186.0
9329.0
9258.0
8929.0
8975.0
8888.0
8801.0
9098.0
9087.0
9368.0
8464.0
8810.0
9019.0
9154.0
8848.0
9145.0
9040.0
8378.0
9629.0
9266.0
8491.0
8868.0
9215.0
9027.0
9440.0
9016.0
9246.0
8957.0
8822.0
9195.0
9537.0
8413.0
8888.0
9427.0
9627.0
8725.0
9351.0
8809.0
9157.0
8621.0
9190.0
8992.0
8356.0
9024.0
9187.0
8299.0
9387.0
9002.0
9125.0
9194.0
9142.0
8828.0
9275.0
8780.0
8745.0
8765.0
9302.0
8857.0
8850.0
8547.0
8919.0
8954.0
9272.0
9123.0
9054.0
8834.0
9076.0
8723.0
9158.0
8030.0
8636.0
9018.0
9184.0
9118.0
9223.0
9213.0
8808.0
9034.0
8435.0
8861.0
8852.0
9290.0
8482.0
9117.0
8931.0
9119.0
9048.0
9138.0
8960.0
8679.0
Run Stats for experiment at: 04-06-2017 14:20:11
7682.0
7950.0
8591.0
8453.0
7776.0
8478.0
7920.0
8210.0
8023.0
8050.0
8160.0
7756.0
8131.0
8068.0
7622.0
8100.0
Run Stats for experiment at: 04-06-2017 14:24:57
Run Stats for experiment at: 04-06-2017 14:26:51
Run Stats for experiment at: 04-06-2017 14:38:24
Run Stats for experiment at: 04-06-2017 14:44:49
Run Stats for experiment at: 04-06-2017 14:54:46
Run Stats for experiment at: 04-06-2017 14:56:33
Run Stats for experiment at: 04-06-2017 14:58:24
Run Stats for experiment at: 04-06-2017 14:59:12
Run Stats for experiment at: 04-06-2017 15:01:11
Run Stats for experiment at: 04-06-2017 15:02:02
Run Stats for experiment at: 04-06-2017 15:02:53
Run Stats for experiment at: 04-06-2017 15:05:33
Run Stats for experiment at: 04-06-2017 15:07:39
Run Stats for experiment at: 04-06-2017 15:07:59
Run Stats for experiment at: 04-06-2017 15:09:22
Run Stats for experiment at: 04-06-2017 15:10:24
Run Stats for experiment at: 04-06-2017 15:11:35
Run Stats for experiment at: 04-06-2017 15:13:20
8445.0
7996.0
8159.0
7863.0
7912.0
7771.0
8324.0
8353.0
7886.0
8146.0
8356.0
8390.0
8219.0
8505.0
7696.0
7738.0
7949.0
8073.0
7546.0
7615.0
8277.0
8019.0
6996.0
7968.0
8544.0
7921.0
7937.0
7853.0
7714.0
8175.0
7917.0
7740.0
8098.0
7537.0
8074.0
7517.0
7817.0
8103.0
8279.0
7450.0
8040.0
7867.0
8090.0
7601.0
7820.0
7529.0
7518.0
8141.0
7505.0
8115.0
8296.0
7570.0
8331.0
7463.0
8055.0
8180.0
7968.0
8178.0
8613.0
7742.0
7975.0
8150.0
8655.0
8631.0
7549.0
7774.0
8118.0
7828.0
7881.0
8123.0
7255.0
8056.0
8118.0
8297.0
7909.0
8371.0
7629.0
8647.0
8088.0
7886.0
8285.0
8037.0
7897.0
7748.0
8167.0
7804.0
8061.0
7742.0
8265.0
6926.0
7725.0
7776.0
8106.0
7912.0
8176.0
7967.0
8357.0
8102.0
7999.0
8176.0
Run Stats for experiment at: 04-06-2017 15:15:48
8519.0
8287.0
7806.0
8786.0
8063.0
8301.0
8458.0
7831.0
8365.0
8515.0
8226.0
8380.0
8307.0
8088.0
8493.0
8584.0
8062.0
8484.0
8703.0
8538.0
8469.0
8452.0
8170.0
8571.0
8404.0
8275.0
8742.0
7960.0
8219.0
8221.0
8436.0
8055.0
8774.0
8129.0
8114.0
Run Stats for experiment at: 04-06-2017 15:16:34
Run Stats for experiment at: 04-06-2017 15:16:57
7468.0
7213.0
Run Stats for experiment at: 04-06-2017 15:17:42
Run Stats for experiment at: 04-06-2017 15:34:30
Run Stats for experiment at: 04-06-2017 15:35:12
Run Stats for experiment at: 04-06-2017 15:35:38
Run Stats for experiment at: 04-06-2017 15:36:07
Run Stats for experiment at: 04-06-2017 15:36:44
Run Stats for experiment at: 04-06-2017 15:37:34
Run Stats for experiment at: 04-06-2017 15:37:54
Run Stats for experiment at: 04-06-2017 15:41:04
Run Stats for experiment at: 04-06-2017 15:41:26
Run Stats for experiment at: 04-06-2017 15:42:00
Run Stats for experiment at: 04-06-2017 15:44:23
Run Stats for experiment at: 04-06-2017 15:44:58
7668.0
Run Stats for experiment at: 04-06-2017 15:45:52
8346.0
8090.0
7822.0
8231.0
8150.0
8135.0
7942.0
7668.0
7565.0
7224.0
8103.0
6776.0
8214.0
8160.0
7659.0
7828.0
8225.0
8127.0
8008.0
7940.0
8142.0
8526.0
8133.0
8367.0
7171.0
7570.0
7749.0
7942.0
8214.0
8006.0
7924.0
7760.0
8185.0
7230.0
8275.0
8168.0
8196.0
8540.0
8354.0
7817.0
8235.0
8005.0
8195.0
8183.0
8410.0
8010.0
7843.0
7979.0
7503.0
7980.0
8306.0
8010.0
8330.0
7183.0
8059.0
8423.0
7828.0
8079.0
8291.0
7824.0
7785.0
7533.0
7642.0
7526.0
8175.0
8030.0
8307.0
7134.0
8083.0
8146.0
8086.0
8000.0
8067.0
7829.0
8207.0
8302.0
7270.0
8141.0
8220.0
7736.0
7914.0
7767.0
8405.0
7761.0
7660.0
8414.0
7928.0
7498.0
8114.0
8273.0
8237.0
8190.0
7767.0
7560.0
8158.0
7928.0
7974.0
8167.0
7810.0
8143.0
Run Stats for experiment at: 04-06-2017 17:00:06
8535.0
7629.0
8431.0
8470.0
7826.0
8021.0
8494.0
7830.0
7999.0
7734.0
7978.0
8176.0
8121.0
8079.0
7708.0
7422.0
Run Stats for experiment at: 04-06-2017 17:00:51
7921.0
8365.0
8447.0
8156.0
7858.0
7480.0
8084.0
8292.0
8650.0
8352.0
8172.0
8343.0
8353.0
8026.0
8341.0
8411.0
8554.0
7927.0
Run Stats for experiment at: 04-06-2017 17:01:38
8429.0
7771.0
8526.0
8463.0
8237.0
8021.0
8165.0
8343.0
8196.0
8188.0
8129.0
8159.0
8047.0
8199.0
8212.0
8122.0
7206.0
8104.0
7712.0
8447.0
8080.0
8126.0
7442.0
8091.0
7673.0
8028.0
7342.0
8538.0
8075.0
8052.0
8040.0
7982.0
7979.0
7974.0
7959.0
7741.0
7670.0
7773.0
7859.0
7979.0
8223.0
8192.0
8167.0
8343.0
7969.0
8402.0
7950.0
8673.0
8111.0
8163.0
7860.0
8178.0
8106.0
7665.0
8067.0
8046.0
7169.0
8129.0
8168.0
7932.0
8292.0
8389.0
7935.0
7363.0
7832.0
7431.0
8034.0
8158.0
8112.0
8197.0
8738.0
8445.0
8310.0
7603.0
6897.0
8089.0
8519.0
7959.0
7540.0
8222.0
8046.0
8320.0
8205.0
7944.0
8251.0
8331.0
7901.0
8404.0
7970.0
8022.0
8137.0
8058.0
7729.0
8614.0
8272.0
8291.0
8002.0
7699.0
8130.0
8259.0
Run Stats for experiment at: 04-06-2017 17:05:19
7841.0
7737.0
8158.0
7358.0
8172.0
8216.0
7816.0
7689.0
7930.0
8032.0
8276.0
8643.0
8466.0
7247.0
8123.0
7535.0
8345.0
6890.0
8108.0
7901.0
8133.0
8004.0
7689.0
7847.0
8061.0
7756.0
8292.0
8570.0
7546.0
8389.0
8116.0
7527.0
7716.0
7871.0
7567.0
8112.0
8499.0
7819.0
8089.0
7808.0
7939.0
7573.0
8579.0
7840.0
7432.0
7480.0
8812.0
7614.0
8255.0
8230.0
7862.0
8389.0
8298.0
8106.0
8298.0
7984.0
7976.0
7933.0
7773.0
8264.0
7827.0
7722.0
7434.0
8359.0
7771.0
8097.0
8176.0
8210.0
7717.0
7850.0
7750.0
8642.0
7676.0
8337.0
7405.0
7456.0
7974.0
7939.0
8251.0
7351.0
8224.0
7325.0
8136.0
7674.0
7357.0
8287.0
8022.0
7901.0
8274.0
7665.0
8374.0
8355.0
8078.0
8363.0
8201.0
7941.0
8372.0
8111.0
8217.0
8023.0
Run Stats for experiment at: 04-06-2017 17:12:46
8073.0
8634.0
8120.0
8099.0
7104.0
8123.0
8280.0
7945.0
8347.0
8035.0
8085.0
8433.0
8204.0
8541.0
8729.0
7986.0
8262.0
8168.0
7220.0
8565.0
8247.0
8402.0
7934.0
8224.0
8050.0
8045.0
7854.0
8284.0
7478.0
7836.0
7939.0
7908.0
7303.0
7291.0
8313.0
8031.0
7591.0
7985.0
7862.0
7437.0
7695.0
8255.0
8327.0
7706.0
7746.0
8506.0
8196.0
7632.0
8290.0
7476.0
7332.0
7999.0
7754.0
8184.0
7740.0
7975.0
8217.0
7875.0
7753.0
8102.0
8401.0
7849.0
7666.0
8062.0
8356.0
8307.0
7364.0
8697.0
8366.0
8070.0
7794.0
7674.0
7936.0
8274.0
8010.0
8037.0
7877.0
8004.0
8330.0
8136.0
7582.0
7526.0
8271.0
8033.0
8366.0
8206.0
8291.0
8398.0
8229.0
8453.0
8370.0
8522.0
7716.0
8321.0
7927.0
8333.0
8455.0
7639.0
7783.0
8145.0
Run Stats for experiment at: 04-06-2017 17:16:13
8297.0
8527.0
8340.0
8224.0
8253.0
7669.0
7856.0
8114.0
7935.0
8155.0
8007.0
8200.0
7671.0
8385.0
7667.0
8076.0
8441.0
8185.0
8224.0
8051.0
8473.0
8456.0
8288.0
8056.0
7951.0
7944.0
7519.0
8671.0
7556.0
7693.0
8338.0
8095.0
8496.0
7591.0
8345.0
8435.0
8471.0
7539.0
7730.0
7994.0
8222.0
8093.0
8451.0
8464.0
8213.0
7868.0
8297.0
8341.0
8033.0
8011.0
7861.0
7422.0
7877.0
7595.0
7980.0
8112.0
7951.0
8159.0
8382.0
7777.0
8284.0
8399.0
7480.0
8199.0
8543.0
7632.0
8289.0
8322.0
8191.0
8206.0
8375.0
7787.0
7420.0
7799.0
7655.0
8589.0
8273.0
7791.0
8317.0
8301.0
8327.0
8366.0
7884.0
7692.0
7981.0
8244.0
8046.0
8141.0
8415.0
8239.0
7736.0
8064.0
7798.0
7354.0
8513.0
8394.0
8062.0
8335.0
8018.0
8102.0
Run Stats for experiment at: 04-06-2017 17:20:04
8633.0
8205.0
8202.0
8515.0
7915.0
Run Stats for experiment at: 04-06-2017 17:20:33
6603.0
5980.0
6047.0
5996.0
5892.0
Run Stats for experiment at: 04-06-2017 17:23:18
4869.0
5214.0
4916.0
4883.0
4572.0
Run Stats for experiment at: 04-06-2017 17:47:40
8143.0
7871.0
7755.0
8182.0
8463.0
8253.0
8377.0
8220.0
8348.0
8030.0
8394.0
7253.0
7822.0
7579.0
7900.0
8229.0
8340.0
7890.0
8116.0
7596.0
8332.0
7687.0
8359.0
8402.0
7644.0
8014.0
7831.0
8338.0
7810.0
8133.0
8488.0
7931.0
8215.0
7675.0
8446.0
7822.0
8310.0
7821.0
7183.0
7992.0
7289.0
8515.0
8376.0
8171.0
7706.0
7993.0
8010.0
8129.0
7532.0
7341.0
8185.0
8048.0
8222.0
7959.0
7437.0
8410.0
8085.0
8124.0
7627.0
8247.0
8495.0
7809.0
7908.0
8038.0
8189.0
8424.0
8265.0
8206.0
8237.0
7780.0
7722.0
8655.0
8130.0
8175.0
8148.0
7498.0
8036.0
7971.0
7619.0
7801.0
7690.0
8171.0
8224.0
7919.0
7922.0
8025.0
8003.0
8084.0
8137.0
7883.0
7448.0
8189.0
7248.0
7971.0
8507.0
8041.0
8152.0
7984.0
8599.0
8167.0
Run Stats for experiment at: 04-06-2017 17:54:46
8946.0
9215.0
8887.0
9479.0
9069.0
9134.0
9335.0
9275.0
9702.0
9353.0
8631.0
8784.0
9310.0
9422.0
8973.0
9245.0
9078.0
9000.0
9216.0
9592.0
8877.0
9493.0
9534.0
8930.0
8543.0
9313.0
9135.0
8800.0
9493.0
9028.0
9331.0
9191.0
8708.0
9253.0
8697.0
8732.0
8990.0
9237.0
9346.0
9261.0
8882.0
9005.0
9327.0
9538.0
9573.0
9300.0
9177.0
9560.0
8604.0
8881.0
9264.0
8957.0
9106.0
9042.0
8630.0
8752.0
9175.0
9127.0
9149.0
9533.0
9384.0
9690.0
9190.0
9261.0
9095.0
9296.0
8728.0
9440.0
9144.0
9354.0
9310.0
9045.0
9153.0
9110.0
9698.0
9817.0
8265.0
9216.0
8910.0
9042.0
9750.0
9348.0
9397.0
8809.0
9648.0
8962.0
8560.0
9244.0
9412.0
9292.0
9185.0
9859.0
9054.0
8749.0
8940.0
9158.0
9274.0
8877.0
9515.0
8779.0
Run Stats for experiment at: 04-06-2017 18:07:12
9398.0
9471.0
8688.0
9188.0
9269.0
8924.0
9101.0
8799.0
8634.0
9297.0
9272.0
9300.0
8570.0
9034.0
8485.0
8867.0
9143.0
9005.0
8886.0
9239.0
9244.0
9326.0
8895.0
8475.0
8992.0
9227.0
9231.0
9128.0
9376.0
9237.0
9539.0
9424.0
8997.0
9451.0
8584.0
9046.0
9269.0
9357.0
9037.0
9087.0
9746.0
9662.0
9108.0
8759.0
9211.0
9084.0
8890.0
8562.0
9020.0
8989.0
9476.0
9445.0
9312.0
9390.0
8713.0
9370.0
9264.0
9330.0
9396.0
9281.0
8611.0
9033.0
8952.0
8497.0
9332.0
9361.0
9421.0
9456.0
9304.0
9249.0
9381.0
9301.0
9011.0
9346.0
8814.0
8417.0
9350.0
9248.0
9142.0
8934.0
9425.0
9035.0
9086.0
9504.0
8993.0
8986.0
8595.0
9250.0
9418.0
9342.0
9359.0
9616.0
9056.0
8913.0
9885.0
8957.0
9296.0
8857.0
9055.0
9253.0
Run Stats for experiment at: 04-06-2017 18:24:27
8103.0
8014.0
8139.0
8119.0
8091.0
7951.0
7789.0
8024.0
8430.0
7999.0
8149.0
8219.0
8257.0
7976.0
8562.0
8094.0
7642.0
8169.0
8359.0
7856.0
7899.0
8370.0
8236.0
7820.0
8374.0
7490.0
7977.0
7912.0
7850.0
7629.0
7652.0
8547.0
8287.0
7979.0
7613.0
8082.0
8538.0
8616.0
8177.0
8007.0
8255.0
7991.0
8330.0
8452.0
8729.0
8131.0
7963.0
8502.0
8014.0
7383.0
8387.0
7945.0
8602.0
8413.0
7896.0
8143.0
8734.0
7173.0
7308.0
8149.0
7997.0
8208.0
8015.0
8565.0
7759.0
8401.0
8014.0
7776.0
8148.0
7948.0
7640.0
8039.0
8229.0
8081.0
7770.0
8117.0
7757.0
8117.0
8023.0
8527.0
8041.0
7448.0
7214.0
8289.0
8465.0
8370.0
8350.0
8301.0
8345.0
8459.0
7744.0
7992.0
8234.0
8370.0
7788.0
8078.0
8250.0
8376.0
7799.0
8561.0
Run Stats for experiment at: 04-06-2017 19:11:54
7477.0
8239.0
8005.0
8621.0
7905.0
8216.0
7888.0
8278.0
7807.0
8052.0
8451.0
7861.0
6933.0
8490.0
7882.0
7612.0
8207.0
7953.0
8209.0
8478.0
8112.0
8217.0
8220.0
8574.0
7321.0
8084.0
7406.0
7870.0
7985.0
8042.0
7909.0
8292.0
8179.0
7580.0
7679.0
7681.0
8217.0
8206.0
7873.0
7617.0
7940.0
7817.0
7909.0
8568.0
8198.0
7284.0
8293.0
8473.0
8332.0
8242.0
7898.0
7918.0
7929.0
8414.0
7982.0
8436.0
8009.0
7885.0
8346.0
8253.0
7964.0
8144.0
8382.0
8134.0
8231.0
8115.0
8025.0
7879.0
7830.0
8008.0
7590.0
7436.0
8027.0
8714.0
8024.0
7940.0
8372.0
7553.0
8060.0
8225.0
8402.0
6828.0
8093.0
8078.0
8377.0
8445.0
8119.0
8324.0
8224.0
7588.0
7988.0
7495.0
8264.0
8649.0
7559.0
8164.0
8326.0
7550.0
8280.0
8159.0
Run Stats for experiment at: 04-06-2017 19:50:27
8592.0
7834.0
8161.0
8522.0
7877.0
7744.0
8101.0
8006.0
8196.0
8093.0
8253.0
8315.0
8542.0
8449.0
8139.0
7934.0
8376.0
7816.0
7990.0
7877.0
8284.0
8048.0
7945.0
7815.0
7951.0
8136.0
8066.0
8146.0
7691.0
7848.0
7508.0
7871.0
7995.0
7757.0
8066.0
8343.0
7820.0
8017.0
7627.0
7967.0
8062.0
7999.0
7841.0
8043.0
7807.0
7764.0
8031.0
7958.0
7903.0
7978.0
8440.0
8446.0
7812.0
8532.0
8347.0
8282.0
8084.0
7964.0
8359.0
8337.0
7852.0
8052.0
7835.0
8228.0
8111.0
8395.0
8217.0
7452.0
8073.0
7742.0
7750.0
8034.0
8342.0
7853.0
8071.0
8470.0
8540.0
7860.0
7828.0
8133.0
8462.0
7683.0
7680.0
8495.0
8169.0
8096.0
7719.0
7520.0
7923.0
7657.0
8281.0
7792.0
7823.0
8113.0
7893.0
8026.0
7602.0
7858.0
8121.0
8386.0
Run Stats for experiment at: 04-06-2017 19:53:35
8658.0
8231.0
8000.0
8313.0
8596.0
8482.0
8345.0
8140.0
8182.0
8680.0
8348.0
8428.0
7974.0
8511.0
8126.0
8650.0
8381.0
8779.0
8742.0
8101.0
8060.0
8665.0
7696.0
8346.0
8335.0
8398.0
7492.0
8514.0
8151.0
8315.0
8214.0
8170.0
8529.0
8530.0
8760.0
8631.0
8458.0
8669.0
8086.0
8319.0
8455.0
8408.0
7803.0
8130.0
7826.0
8352.0
8171.0
7404.0
8443.0
8399.0
7973.0
7843.0
8390.0
8302.0
7544.0
8145.0
8368.0
8906.0
7439.0
8786.0
7663.0
8403.0
8411.0
8005.0
8025.0
8228.0
8474.0
8779.0
8347.0
7971.0
8417.0
8795.0
8932.0
7864.0
8287.0
8103.0
7844.0
8613.0
8823.0
8267.0
8612.0
8382.0
8094.0
8245.0
8138.0
8268.0
8624.0
8037.0
8317.0
8204.0
8286.0
8684.0
8437.0
8667.0
7610.0
8188.0
7917.0
7947.0
8357.0
8517.0
Run Stats for experiment at: 04-06-2017 19:56:50
9709.0
10218.0
10102.0
10102.0
9814.0
9731.0
10342.0
10320.0
10275.0
10067.0
10160.0
10363.0
10245.0
9689.0
10057.0
10000.0
10111.0
10015.0
10237.0
10212.0
9848.0
10021.0
9793.0
10094.0
10095.0
9884.0
9988.0
10313.0
10075.0
10061.0
9847.0
10031.0
9661.0
10171.0
10182.0
10018.0
10061.0
10450.0
10156.0
10046.0
10137.0
9893.0
10169.0
10056.0
9922.0
9892.0
8809.0
9900.0
10130.0
9738.0
10114.0
9885.0
10211.0
9650.0
9447.0
9808.0
10162.0
10000.0
9927.0
10223.0
9978.0
10051.0
10147.0
9989.0
9538.0
10327.0
10359.0
10221.0
10179.0
10370.0
10376.0
10022.0
10130.0
10202.0
10421.0
10262.0
10137.0
9792.0
9841.0
10340.0
10070.0
10075.0
10179.0
9599.0
10170.0
9758.0
9939.0
10202.0
10382.0
10064.0
10202.0
9945.0
9681.0
9934.0
9746.0
9439.0
9263.0
10111.0
10421.0
10020.0
Run Stats for experiment at: 04-06-2017 19:58:29
7974.0
8585.0
8680.0
8520.0
8574.0
8081.0
7719.0
8637.0
8515.0
8182.0
8673.0
8719.0
8216.0
8201.0
7798.0
8251.0
8444.0
8489.0
7992.0
8064.0
7797.0
8177.0
8468.0
8716.0
8400.0
8207.0
8686.0
8372.0
8602.0
8744.0
8496.0
8599.0
7745.0
Run Stats for experiment at: 04-06-2017 19:59:19
8253.0
8623.0
8420.0
8449.0
8372.0
8666.0
8060.0
8086.0
8427.0
8650.0
8248.0
8202.0
8187.0
8853.0
8681.0
8140.0
8604.0
8156.0
8913.0
8793.0
8327.0
8112.0
7625.0
9216.0
8573.0
7925.0
8140.0
8296.0
8766.0
8369.0
8754.0
8126.0
7748.0
8242.0
8354.0
8679.0
8447.0
8158.0
8602.0
8808.0
8597.0
8471.0
8377.0
8759.0
8894.0
8605.0
8541.0
9050.0
8466.0
7831.0
8939.0
8027.0
8441.0
8061.0
8395.0
8305.0
8273.0
8642.0
8950.0
8571.0
8548.0
8770.0
8811.0
8399.0
8542.0
8840.0
Run Stats for experiment at: 04-06-2017 20:00:39
8312.0
8990.0
7903.0
8789.0
7891.0
8713.0
9067.0
8375.0
8584.0
8621.0
8294.0
8734.0
8767.0
8452.0
8440.0
8336.0
8947.0
8678.0
8642.0
8567.0
9119.0
8922.0
8920.0
8674.0
8503.0
7989.0
9039.0
8305.0
8345.0
8189.0
8984.0
8698.0
8506.0
8236.0
8364.0
9123.0
8218.0
9013.0
7944.0
8485.0
8624.0
8688.0
8650.0
8592.0
8015.0
8065.0
7321.0
9156.0
7841.0
7851.0
8764.0
8431.0
8864.0
8304.0
8129.0
7659.0
8325.0
8785.0
8825.0
8675.0
8325.0
8226.0
8472.0
8571.0
8408.0
8600.0
9259.0
8683.0
8252.0
8141.0
8575.0
7964.0
8328.0
8443.0
8276.0
8671.0
8603.0
8529.0
9087.0
7920.0
9179.0
8846.0
8712.0
8419.0
8810.0
8947.0
7877.0
8831.0
8532.0
8234.0
8222.0
8328.0
8346.0
8339.0
8662.0
8436.0
8690.0
8350.0
8923.0
8129.0
Run Stats for experiment at: 04-06-2017 20:04:02
8813.0
7996.0
8606.0
8020.0
8541.0
8578.0
8639.0
8509.0
8828.0
8328.0
8758.0
7953.0
8428.0
8471.0
7972.0
8248.0
8548.0
8502.0
8502.0
7578.0
8240.0
8117.0
9031.0
8841.0
8775.0
8377.0
8644.0
8613.0
8313.0
8442.0
8360.0
8075.0
8713.0
8088.0
9385.0
7919.0
8614.0
8883.0
8299.0
8917.0
8706.0
8431.0
8878.0
8031.0
8671.0
8687.0
8500.0
8354.0
8734.0
7832.0
8773.0
8549.0
8602.0
8567.0
9005.0
8691.0
8348.0
8485.0
8687.0
8987.0
8673.0
8917.0
8662.0
7863.0
8550.0
8207.0
8581.0
9148.0
8245.0
8232.0
8489.0
8728.0
8363.0
8625.0
8619.0
8447.0
8840.0
8316.0
8824.0
8933.0
8599.0
8027.0
8691.0
8542.0
8854.0
8955.0
7482.0
8532.0
8335.0
8451.0
8862.0
8286.0
8757.0
8628.0
8645.0
8821.0
8768.0
9114.0
8222.0
8345.0
Run Stats for experiment at: 04-06-2017 20:07:32
8153.0
8884.0
8675.0
8346.0
7911.0
8021.0
8395.0
8606.0
8093.0
8596.0
8127.0
8726.0
8510.0
8165.0
8683.0
8536.0
8100.0
7806.0
8979.0
8560.0
8286.0
8431.0
8697.0
8777.0
8148.0
8349.0
8731.0
7966.0
8132.0
8545.0
8308.0
8159.0
8790.0
8480.0
8286.0
7881.0
7893.0
8185.0
8137.0
8597.0
8402.0
8695.0
7912.0
8578.0
7860.0
8533.0
7917.0
8631.0
8290.0
8934.0
8094.0
7929.0
8208.0
8683.0
8828.0
8006.0
8425.0
8587.0
8297.0
8463.0
8604.0
7943.0
8475.0
8583.0
7905.0
8685.0
8648.0
8580.0
8387.0
8222.0
8323.0
8671.0
8636.0
8488.0
8568.0
8651.0
8557.0
8338.0
7733.0
8699.0
7975.0
8585.0
7952.0
8675.0
8664.0
8066.0
8506.0
8565.0
8326.0
8055.0
8658.0
8332.0
8556.0
8470.0
8248.0
8597.0
8531.0
8599.0
8707.0
7780.0
Run Stats for experiment at: 04-06-2017 20:12:11
8052.0
Run Stats for experiment at: 04-06-2017 20:16:00
8300.0
8507.0
8181.0
8324.0
8005.0
8695.0
8491.0
7974.0
8286.0
8653.0
8349.0
8451.0
7776.0
8682.0
8530.0
8043.0
8812.0
8211.0
8200.0
8821.0
8774.0
7841.0
8773.0
8483.0
8608.0
8229.0
8824.0
8522.0
7809.0
8410.0
8575.0
7735.0
8225.0
8474.0
7956.0
7855.0
8232.0
8720.0
7537.0
8522.0
8673.0
8399.0
8836.0
8529.0
8594.0
8367.0
8629.0
7951.0
8625.0
7897.0
8637.0
8449.0
8473.0
8340.0
8931.0
8294.0
7774.0
8139.0
9019.0
8877.0
8712.0
8361.0
8615.0
8299.0
8728.0
8492.0
8558.0
8459.0
8978.0
7880.0
8455.0
8752.0
8694.0
8019.0
8986.0
8292.0
8752.0
8496.0
8174.0
8070.0
8324.0
8435.0
8546.0
8851.0
8603.0
8939.0
8773.0
8977.0
8636.0
8549.0
7976.0
8609.0
8641.0
8315.0
8190.0
8978.0
8818.0
8974.0
8927.0
8265.0
Run Stats for experiment at: 04-06-2017 20:19:47
8848.0
7506.0
8901.0
8732.0
8490.0
8091.0
8481.0
8312.0
8511.0
Run Stats for experiment at: 04-06-2017 20:21:52
8703.0
8337.0
8507.0
7638.0
8112.0
8017.0
8651.0
7954.0
7992.0
8219.0
8799.0
8636.0
8477.0
8521.0
7897.0
8635.0
7989.0
8647.0
8616.0
8241.0
8395.0
8639.0
9213.0
8669.0
8139.0
7557.0
8781.0
8740.0
8063.0
8917.0
8677.0
8400.0
8557.0
8779.0
7909.0
8354.0
8469.0
8557.0
8295.0
8419.0
8856.0
8484.0
8452.0
8513.0
8686.0
8519.0
7861.0
8692.0
8745.0
7922.0
8025.0
8612.0
7799.0
8470.0
8168.0
8691.0
8793.0
8704.0
8372.0
8494.0
8292.0
8392.0
8626.0
8082.0
8714.0
8604.0
8635.0
8490.0
8457.0
8826.0
8781.0
8733.0
8792.0
8765.0
8639.0
7895.0
8447.0
8666.0
8317.0
8667.0
8193.0
8530.0
8247.0
7854.0
8765.0
8790.0
8384.0
8624.0
7955.0
8607.0
7861.0
7930.0
8211.0
9016.0
8399.0
8041.0
7666.0
8724.0
8187.0
8515.0
Run Stats for experiment at: 04-06-2017 20:29:01
Run Stats for experiment at: 04-06-2017 20:32:16
9802.0
10354.0
10144.0
9763.0
10371.0
10764.0
10698.0
9786.0
9823.0
10260.0
9469.0
10439.0
10201.0
10591.0
10276.0
10479.0
9583.0
10139.0
10638.0
10547.0
10472.0
10792.0
9542.0
10461.0
10342.0
9928.0
10341.0
10319.0
10492.0
10122.0
10590.0
9978.0
10155.0
10320.0
10346.0
10372.0
10217.0
10154.0
10064.0
10196.0
10030.0
10243.0
10716.0
9780.0
9996.0
10063.0
10178.0
10675.0
10020.0
9976.0
10627.0
10009.0
9836.0
10314.0
10329.0
10628.0
10462.0
10341.0
10198.0
10716.0
10468.0
9989.0
10116.0
10578.0
10383.0
10303.0
10152.0
10402.0
10160.0
9950.0
10237.0
10332.0
9855.0
9959.0
10037.0
10491.0
10471.0
10532.0
10047.0
9906.0
10222.0
10431.0
9881.0
10672.0
9797.0
10282.0
10858.0
10501.0
10702.0
10305.0
9905.0
10452.0
10016.0
10062.0
10196.0
9695.0
9633.0
10249.0
9951.0
10444.0
Run Stats for experiment at: 04-06-2017 20:34:25
10349.0
10370.0
10114.0
Run Stats for experiment at: 04-06-2017 20:34:58
8173.0
9160.0
8205.0
8842.0
8419.0
8372.0
9126.0
8877.0
8811.0
8661.0
8184.0
8089.0
8957.0
8461.0
8319.0
9283.0
8846.0
8766.0
8182.0
8294.0
8311.0
8729.0
8482.0
8164.0
7981.0
7837.0
8685.0
8530.0
8796.0
7826.0
8331.0
8301.0
8401.0
8673.0
8312.0
8453.0
8823.0
8218.0
8914.0
8502.0
8297.0
8479.0
8860.0
8171.0
8046.0
8707.0
8462.0
8610.0
8487.0
8818.0
8189.0
8813.0
8199.0
8286.0
8428.0
8156.0
8551.0
8362.0
8165.0
9020.0
8130.0
8421.0
8082.0
8780.0
8351.0
8547.0
8358.0
8277.0
8592.0
8721.0
8400.0
8773.0
7876.0
7711.0
8636.0
8941.0
8944.0
8444.0
8565.0
8736.0
8395.0
8485.0
8923.0
8008.0
8396.0
8161.0
8723.0
8318.0
8134.0
8313.0
8448.0
8914.0
8778.0
8622.0
8553.0
8529.0
8414.0
8406.0
8887.0
8149.0
Run Stats for experiment at: 04-06-2017 20:37:18
8281.0
8724.0
8513.0
9048.0
8302.0
7767.0
8188.0
7419.0
8769.0
8493.0
8908.0
8537.0
8251.0
8818.0
8627.0
7888.0
8456.0
8181.0
7978.0
8879.0
8664.0
8954.0
8632.0
8471.0
8624.0
8474.0
8225.0
8194.0
8435.0
8844.0
7832.0
8450.0
7567.0
8151.0
8335.0
8362.0
7757.0
8323.0
8190.0
8760.0
8511.0
8403.0
8823.0
8613.0
8499.0
7678.0
8683.0
8806.0
8315.0
8620.0
8458.0
8850.0
8845.0
8685.0
8254.0
8733.0
7704.0
8320.0
8464.0
8663.0
8047.0
9142.0
7973.0
8237.0
8795.0
8635.0
8366.0
8831.0
8302.0
8719.0
8743.0
8355.0
8943.0
7941.0
8362.0
8253.0
8234.0
7797.0
9066.0
7571.0
8036.0
8447.0
8515.0
8383.0
8133.0
8189.0
8874.0
8783.0
8112.0
8399.0
8193.0
8581.0
8532.0
8461.0
8890.0
7380.0
8488.0
8455.0
7579.0
8422.0
Run Stats for experiment at: 04-06-2017 20:39:18
8723.0
8833.0
8285.0
8764.0
8444.0
8304.0
8406.0
8165.0
8606.0
8748.0
8651.0
8284.0
8402.0
8815.0
8846.0
8188.0
8120.0
8344.0
8619.0
8212.0
8443.0
8447.0
8422.0
8205.0
7817.0
8455.0
8089.0
8672.0
8521.0
8316.0
8784.0
8235.0
8371.0
8859.0
8458.0
8268.0
8800.0
8129.0
8609.0
8093.0
8700.0
8608.0
8573.0
8629.0
8698.0
8836.0
8503.0
8175.0
8765.0
8510.0
8560.0
8812.0
8147.0
8080.0
8608.0
8868.0
9240.0
7310.0
8287.0
8237.0
8674.0
8676.0
8827.0
8873.0
7859.0
8102.0
7790.0
8984.0
7947.0
8420.0
8303.0
8348.0
8580.0
8352.0
8170.0
8248.0
8637.0
8415.0
7700.0
8903.0
8832.0
8425.0
8880.0
7900.0
8346.0
8297.0
7936.0
7949.0
8348.0
8481.0
8355.0
8853.0
8523.0
8531.0
8092.0
8260.0
8052.0
8549.0
9121.0
8253.0
Run Stats for experiment at: 04-06-2017 20:54:06
8818.0
8562.0
9013.0
9531.0
8970.0
8136.0
9342.0
8710.0
9192.0
9098.0
8995.0
9328.0
9302.0
8628.0
9215.0
9181.0
9374.0
9134.0
8689.0
9149.0
8602.0
8728.0
8459.0
8807.0
9304.0
8788.0
9270.0
8176.0
9264.0
8787.0
8996.0
8904.0
9293.0
9466.0
9049.0
9345.0
9476.0
9109.0
8710.0
8954.0
8947.0
9098.0
8540.0
8943.0
8600.0
9196.0
8633.0
9380.0
8859.0
9084.0
8891.0
8498.0
8138.0
8772.0
8936.0
8928.0
8739.0
8840.0
9091.0
8979.0
9203.0
9284.0
8495.0
9203.0
9038.0
8874.0
9216.0
9246.0
8086.0
9414.0
8554.0
8308.0
9112.0
8656.0
8652.0
8995.0
8918.0
9037.0
8869.0
9104.0
8364.0
8995.0
8813.0
9563.0
9012.0
8505.0
9032.0
9616.0
9241.0
9120.0
9329.0
9324.0
8732.0
9335.0
9273.0
8951.0
8820.0
9249.0
9062.0
8785.0
Run Stats for experiment at: 04-06-2017 20:55:49
8618.0
8053.0
9044.0
9407.0
8552.0
8888.0
8555.0
8316.0
8911.0
8195.0
9334.0
8565.0
9145.0
8734.0
8688.0
8552.0
9271.0
9032.0
8492.0
8932.0
9039.0
8390.0
8584.0
8359.0
8835.0
8941.0
9295.0
9011.0
8946.0
8449.0
8980.0
9019.0
8456.0
8225.0
8942.0
8784.0
9032.0
8653.0
9054.0
8811.0
8689.0
8744.0
8654.0
8337.0
9050.0
8285.0
8531.0
8377.0
8447.0
8725.0
8774.0
9321.0
8063.0
8416.0
8845.0
8788.0
8877.0
9062.0
8010.0
8317.0
8912.0
8595.0
8680.0
9156.0
8987.0
9013.0
8664.0
9216.0
9012.0
Run Stats for experiment at: 04-06-2017 21:11:49
8208.0
8326.0
8885.0
8919.0
9217.0
8700.0
8666.0
8604.0
8738.0
8770.0
8051.0
9674.0
9164.0
8012.0
8886.0
8715.0
8888.0
8963.0
8827.0
8728.0
8981.0
9088.0
9021.0
8440.0
9059.0
8698.0
8395.0
8896.0
7987.0
8481.0
9145.0
9090.0
9259.0
9054.0
8453.0
8973.0
8563.0
9263.0
8344.0
8451.0
8635.0
8577.0
8423.0
9712.0
8722.0
8243.0
8824.0
9282.0
8450.0
8139.0
8913.0
8771.0
8541.0
8951.0
9311.0
8756.0
8272.0
8260.0
8937.0
8994.0
9497.0
8625.0
8601.0
8586.0
8964.0
9132.0
7840.0
9093.0
9163.0
9282.0
7555.0
7805.0
7895.0
8786.0
9112.0
8358.0
9125.0
8436.0
8665.0
8658.0
9278.0
8495.0
8668.0
8590.0
9025.0
8962.0
8606.0
9305.0
7671.0
8665.0
8689.0
9111.0
8827.0
8600.0
9535.0
8780.0
8400.0
8816.0
8518.0
8859.0
Run Stats for experiment at: 04-06-2017 21:41:55
7743.0
8913.0
9371.0
7864.0
7671.0
8147.0
8650.0
6874.0
7389.0
8745.0
8651.0
7829.0
7348.0
7894.0
7681.0
9410.0
9427.0
8530.0
8000.0
8174.0
8538.0
7774.0
9029.0
8634.0
8505.0
8674.0
8999.0
8621.0
7682.0
8659.0
7905.0
8836.0
7023.0
9188.0
8101.0
8238.0
7930.0
7791.0
7373.0
8832.0
8541.0
7945.0
8057.0
8670.0
7820.0
8378.0
7808.0
7815.0
9104.0
9147.0
8827.0
7492.0
8171.0
9243.0
7992.0
8950.0
8725.0
9318.0
8177.0
8424.0
8905.0
8031.0
7721.0
8572.0
8218.0
8129.0
8093.0
7703.0
7966.0
7870.0
8305.0
8474.0
8819.0
7862.0
8177.0
8048.0
8127.0
8081.0
7389.0
8447.0
8937.0
7077.0
8367.0
8298.0
8505.0
8926.0
8026.0
7881.0
7784.0
9400.0
8845.0
8977.0
8121.0
8136.0
8935.0
8594.0
8193.0
8740.0
8489.0
7887.0
Run Stats for experiment at: 04-06-2017 21:44:39
8469.0
8322.0
8352.0
8579.0
8482.0
7703.0
8155.0
7688.0
8527.0
9218.0
9726.0
8238.0
8359.0
7891.0
8414.0
8493.0
9131.0
8672.0
8479.0
8104.0
8214.0
8333.0
8864.0
9101.0
8301.0
8072.0
8152.0
7830.0
8705.0
7769.0
7905.0
7968.0
8314.0
8946.0
8943.0
7886.0
8352.0
7478.0
9117.0
8529.0
9115.0
8347.0
8287.0
7457.0
7994.0
8766.0
8746.0
7811.0
8433.0
7466.0
8549.0
8566.0
8329.0
8227.0
8700.0
8427.0
9140.0
9243.0
8871.0
8444.0
8835.0
8189.0
8334.0
7786.0
8038.0
9168.0
8496.0
7618.0
7149.0
8975.0
8560.0
8395.0
9091.0
8120.0
8867.0
7810.0
7619.0
7720.0
9393.0
7742.0
8285.0
8570.0
8075.0
8204.0
7572.0
9332.0
8623.0
7255.0
7997.0
8079.0
7505.0
9149.0
8989.0
7522.0
8094.0
6868.0
7484.0
7986.0
8196.0
7332.0
Run Stats for experiment at: 04-06-2017 21:55:00
8940.0
9426.0
8074.0
9380.0
8232.0
7261.0
8551.0
7824.0
8297.0
8306.0
8041.0
8516.0
8428.0
8675.0
8013.0
7925.0
8104.0
7642.0
7898.0
8055.0
8187.0
7810.0
8339.0
7451.0
8248.0
7541.0
8223.0
9076.0
9722.0
7720.0
7967.0
8381.0
8574.0
8284.0
8564.0
9787.0
7593.0
8050.0
8096.0
8100.0
8222.0
9083.0
8337.0
7849.0
7935.0
8228.0
8444.0
7522.0
8594.0
8367.0
8436.0
8813.0
8929.0
8066.0
8327.0
8615.0
8647.0
8784.0
9040.0
8158.0
7823.0
8742.0
8431.0
8442.0
7842.0
8334.0
8460.0
8321.0
8213.0
7726.0
8588.0
7943.0
7163.0
7443.0
8279.0
8607.0
8853.0
9212.0
8019.0
8214.0
9021.0
7647.0
9517.0
8832.0
8269.0
8672.0
8565.0
9064.0
8202.0
7593.0
8650.0
8166.0
8189.0
7856.0
7696.0
8424.0
7845.0
8247.0
9098.0
7288.0
Run Stats for experiment at: 04-06-2017 22:01:43
8794.0
8418.0
8601.0
8649.0
9353.0
8498.0
7866.0
8330.0
7340.0
8088.0
8881.0
8075.0
8775.0
9381.0
8211.0
8302.0
8029.0
8059.0
7169.0
7683.0
8059.0
8868.0
8774.0
8805.0
8033.0
8328.0
8006.0
8524.0
9090.0
8121.0
7913.0
8705.0
8178.0
9924.0
8368.0
8015.0
8723.0
7782.0
8309.0
8257.0
9168.0
7923.0
9436.0
7930.0
8459.0
8590.0
7911.0
8522.0
7750.0
9175.0
8604.0
9239.0
8313.0
7837.0
8772.0
8189.0
8637.0
8851.0
8061.0
8044.0
9390.0
8816.0
8173.0
8768.0
7710.0
8041.0
7694.0
8193.0
8008.0
9101.0
8135.0
7771.0
8601.0
7437.0
8071.0
9233.0
9445.0
8919.0
7739.0
8486.0
8227.0
7281.0
8752.0
7622.0
9106.0
7457.0
7601.0
8547.0
7547.0
8012.0
8554.0
8245.0
8419.0
7570.0
7538.0
8032.0
8020.0
8217.0
9132.0
8074.0
Run Stats for experiment at: 04-06-2017 22:04:07
8946.0
9830.0
9364.0
8982.0
7604.0
9093.0
9372.0
8821.0
8548.0
9739.0
9158.0
10102.0
9797.0
8589.0
8998.0
9200.0
9340.0
8365.0
8703.0
9041.0
8396.0
8679.0
9204.0
8260.0
9063.0
9435.0
7892.0
9686.0
8021.0
8609.0
9196.0
8858.0
9167.0
8744.0
8649.0
8059.0
8822.0
9333.0
8278.0
9029.0
8294.0
9837.0
9625.0
7966.0
9384.0
9350.0
9063.0
8922.0
8741.0
8784.0
9435.0
9773.0
9286.0
9540.0
9179.0
8879.0
8475.0
8885.0
9232.0
8541.0
7942.0
8936.0
7447.0
8379.0
8645.0
8958.0
9211.0
8995.0
8368.0
8530.0
9292.0
9160.0
9089.0
8076.0
8484.0
8854.0
9386.0
9276.0
8929.0
9729.0
8578.0
9584.0
9036.0
8171.0
9255.0
8610.0
8225.0
9771.0
8538.0
8974.0
8570.0
9759.0
8239.0
8173.0
8103.0
8700.0
8542.0
9684.0
8354.0
9349.0
Run Stats for experiment at: 04-06-2017 22:11:11
6979.0
7599.0
7884.0
7254.0
7838.0
7635.0
7267.0
7215.0
7147.0
7862.0
7660.0
6800.0
6859.0
7909.0
7599.0
7649.0
8198.0
7626.0
8283.0
6971.0
7501.0
7645.0
6676.0
7330.0
6942.0
6979.0
8385.0
7181.0
7341.0
7606.0
8799.0
7396.0
7994.0
7215.0
7835.0
7544.0
9234.0
6641.0
7525.0
8368.0
7973.0
8057.0
8396.0
6363.0
8064.0
7823.0
7608.0
7806.0
7861.0
8978.0
7801.0
7102.0
7780.0
7801.0
8089.0
6828.0
7452.0
8431.0
7368.0
7930.0
7592.0
8293.0
8166.0
7850.0
7665.0
8634.0
7540.0
6758.0
8193.0
8020.0
6626.0
8048.0
7555.0
7952.0
8176.0
7980.0
8170.0
8578.0
8268.0
6238.0
6813.0
6966.0
8163.0
7758.0
7260.0
6393.0
6723.0
7157.0
6578.0
7378.0
8076.0
8110.0
6956.0
6384.0
9112.0
7852.0
8237.0
7857.0
6437.0
6400.0
Run Stats for experiment at: 04-06-2017 22:12:45
8105.0
7460.0
7967.0
7414.0
7597.0
8147.0
8065.0
7352.0
7673.0
8132.0
8236.0
6982.0
7779.0
8349.0
7150.0
8627.0
7534.0
7553.0
7720.0
7956.0
7464.0
7063.0
8365.0
8730.0
7886.0
8734.0
7203.0
9460.0
8489.0
7643.0
8717.0
7917.0
7739.0
7515.0
7049.0
7312.0
7097.0
8773.0
7872.0
7036.0
8811.0
7787.0
6856.0
7806.0
8061.0
6571.0
7995.0
7971.0
7301.0
7926.0
7173.0
7037.0
8198.0
8394.0
8230.0
7436.0
7664.0
7669.0
8961.0
6961.0
7281.0
8290.0
8010.0
7814.0
8456.0
7897.0
8981.0
7225.0
6991.0
6702.0
8752.0
7686.0
6551.0
8036.0
6651.0
7009.0
7388.0
7084.0
7123.0
8870.0
8823.0
7394.0
8682.0
7392.0
6994.0
7433.0
8323.0
6904.0
7047.0
7290.0
6439.0
8051.0
8447.0
7940.0
7501.0
7725.0
6537.0
8064.0
7596.0
7151.0
Run Stats for experiment at: 04-06-2017 22:15:55
7760.0
8233.0
8725.0
9314.0
8464.0
7930.0
7998.0
9016.0
8135.0
8466.0
8755.0
8634.0
8346.0
8645.0
8363.0
9246.0
9468.0
7905.0
9326.0
8498.0
8358.0
8587.0
7912.0
8782.0
8761.0
8685.0
7714.0
8429.0
8574.0
8630.0
8812.0
8393.0
8057.0
8163.0
7934.0
8739.0
8166.0
8923.0
8347.0
7582.0
7398.0
8999.0
9713.0
8198.0
9225.0
9064.0
8077.0
9244.0
7950.0
7540.0
8204.0
8552.0
8796.0
7599.0
7479.0
9048.0
8182.0
7815.0
7679.0
8065.0
7635.0
8261.0
8088.0
8478.0
8483.0
7905.0
7709.0
8242.0
8622.0
8585.0
8936.0
7927.0
7725.0
8230.0
8863.0
6932.0
6730.0
9006.0
8047.0
8069.0
8430.0
7692.0
8122.0
8750.0
8360.0
9096.0
8145.0
8696.0
8263.0
7885.0
8463.0
8099.0
8438.0
7718.0
7612.0
7030.0
8335.0
8259.0
9106.0
7531.0
Run Stats for experiment at: 04-06-2017 22:18:12
9047.0
8750.0
8090.0
8761.0
8739.0
Run Stats for experiment at: 04-06-2017 22:18:34
6231.0
Run Stats for experiment at: 04-06-2017 22:20:56
6029.0
Run Stats for experiment at: 04-06-2017 22:24:01
5815.0
6320.0
5265.0
5984.0
7027.0
Run Stats for experiment at: 04-06-2017 22:24:33
5324.0
5656.0
4779.0
6354.0
5538.0
4909.0
5558.0
6125.0
5041.0
5260.0
5684.0
5765.0
6286.0
5704.0
5978.0
5414.0
6019.0
5411.0
5046.0
5614.0
5841.0
4985.0
4935.0
5631.0
5224.0
5595.0
4900.0
6094.0
5531.0
5062.0
5248.0
6673.0
5196.0
5771.0
5179.0
5555.0
5064.0
5334.0
5071.0
6217.0
6096.0
5110.0
5820.0
4941.0
4987.0
5130.0
5375.0
5693.0
4972.0
5233.0
5575.0
6386.0
5934.0
5819.0
4846.0
5446.0
5497.0
5195.0
5821.0
5866.0
6279.0
6025.0
5187.0
6014.0
5659.0
5608.0
5617.0
5989.0
5365.0
6510.0
5810.0
4805.0
5231.0
4898.0
5053.0
5093.0
6107.0
5803.0
5793.0
4821.0
5111.0
4867.0
4975.0
5730.0
6140.0
6082.0
5540.0
5589.0
6269.0
4883.0
5162.0
5561.0
5899.0
6564.0
5413.0
5640.0
5899.0
5320.0
5291.0
5781.0
Run Stats for experiment at: 04-06-2017 22:27:34
6757.0
7570.0
7117.0
7236.0
7052.0
7766.0
7445.0
7689.0
8555.0
7507.0
7512.0
6844.0
6494.0
7430.0
7205.0
8304.0
6921.0
9366.0
6902.0
7547.0
8185.0
6121.0
7263.0
7952.0
6299.0
8098.0
8086.0
7775.0
8148.0
7083.0
7878.0
7304.0
8005.0
8196.0
7508.0
7054.0
5817.0
7936.0
7409.0
6739.0
7426.0
7499.0
7781.0
8637.0
7746.0
8528.0
7721.0
7861.0
7950.0
7598.0
7799.0
6334.0
8589.0
8046.0
8087.0
8195.0
10269.0
7620.0
8232.0
9122.0
7338.0
6387.0
7977.0
6485.0
7442.0
7331.0
7043.0
7736.0
7358.0
6912.0
7552.0
7761.0
8333.0
6613.0
7935.0
8580.0
6890.0
7692.0
7829.0
8801.0
7906.0
6864.0
6821.0
7527.0
7799.0
6691.0
9074.0
7847.0
8267.0
7799.0
7488.0
8858.0
7227.0
8223.0
7117.0
7513.0
9116.0
7703.0
7356.0
7995.0
Run Stats for experiment at: 04-06-2017 22:33:13
6678.0
7225.0
7769.0
6944.0
7853.0
7418.0
7528.0
8367.0
7610.0
8833.0
8281.0
7250.0
7938.0
7934.0
8125.0
8119.0
6922.0
7499.0
6175.0
7311.0
7951.0
6058.0
7649.0
8240.0
7921.0
6881.0
7889.0
7824.0
6914.0
6525.0
7720.0
7200.0
8542.0
9159.0
8865.0
7473.0
8378.0
7386.0
7663.0
8492.0
7380.0
7163.0
7995.0
8263.0
6830.0
8427.0
7746.0
7822.0
7849.0
7537.0
8370.0
7926.0
7452.0
6396.0
6361.0
7150.0
9207.0
7882.0
7787.0
6978.0
8498.0
6366.0
6818.0
8153.0
7332.0
7703.0
7266.0
9387.0
8166.0
7314.0
7350.0
8787.0
7866.0
8162.0
6222.0
8028.0
7667.0
8091.0
7678.0
8521.0
7303.0
8104.0
8864.0
7182.0
7032.0
7170.0
9135.0
8730.0
9104.0
8541.0
9015.0
7679.0
8563.0
6916.0
6717.0
7961.0
6845.0
9126.0
8729.0
7981.0
Run Stats for experiment at: 04-06-2017 22:36:04
8342.0
8180.0
7899.0
7960.0
7876.0
7753.0
6577.0
7911.0
7560.0
6296.0
6792.0
5641.0
6747.0
7490.0
7262.0
6625.0
7653.0
8663.0
7072.0
7011.0
7997.0
7705.0
6792.0
7425.0
7524.0
8170.0
9838.0
7180.0
8599.0
8198.0
8015.0
5774.0
7324.0
7446.0
6971.0
8533.0
8446.0
7644.0
7475.0
7796.0
9103.0
6959.0
7437.0
7089.0
6366.0
7652.0
8755.0
8678.0
7204.0
7362.0
8413.0
8426.0
9002.0
7540.0
7962.0
7186.0
9396.0
8468.0
5634.0
7729.0
7900.0
7268.0
6297.0
7207.0
7908.0
8438.0
8402.0
7385.0
9882.0
8609.0
8214.0
8197.0
7137.0
6769.0
6768.0
7372.0
8472.0
7808.0
7361.0
6936.0
7590.0
7186.0
8346.0
8511.0
6988.0
8557.0
7931.0
7491.0
7901.0
6864.0
7348.0
7123.0
7875.0
8261.0
7516.0
7857.0
8377.0
7952.0
8280.0
8069.0
Run Stats for experiment at: 04-06-2017 22:45:23
Run Stats for experiment at: 04-06-2017 22:47:16
7896.0
7656.0
7137.0
7316.0
7687.0
8019.0
7793.0
8141.0
7494.0
7042.0
8041.0
7549.0
7817.0
7628.0
8711.0
7299.0
6889.0
7929.0
9032.0
8473.0
8047.0
7365.0
8115.0
8003.0
8159.0
9427.0
7127.0
6931.0
7718.0
7719.0
7510.0
7521.0
8622.0
6923.0
8220.0
7328.0
8418.0
7453.0
6745.0
8715.0
7630.0
7076.0
7301.0
6980.0
7831.0
7828.0
8937.0
6873.0
7298.0
7671.0
7803.0
7837.0
7801.0
7210.0
6882.0
6991.0
7269.0
7365.0
6685.0
8189.0
6673.0
7633.0
8425.0
7455.0
8655.0
8135.0
7854.0
6524.0
6969.0
7447.0
8598.0
7225.0
7850.0
9078.0
7478.0
7823.0
8677.0
6855.0
9539.0
8763.0
7358.0
7869.0
6550.0
8589.0
6658.0
8652.0
7552.0
6900.0
8328.0
7309.0
7623.0
8596.0
7056.0
7308.0
7850.0
8614.0
7992.0
7923.0
6753.0
7025.0
Run Stats for experiment at: 04-06-2017 22:49:11
8566.0
7510.0
7475.0
8190.0
6801.0
7005.0
7989.0
7013.0
6886.0
8948.0
7696.0
7548.0
7697.0
7121.0
7825.0
6012.0
7516.0
8526.0
9337.0
7721.0
6981.0
8083.0
7986.0
7717.0
8342.0
7343.0
7482.0
8453.0
8263.0
7590.0
7180.0
8257.0
7381.0
6761.0
6978.0
8536.0
9225.0
8335.0
6824.0
7302.0
6631.0
7747.0
8000.0
8139.0
7734.0
7334.0
7612.0
8439.0
7896.0
6420.0
7448.0
7500.0
6975.0
6959.0
8650.0
7379.0
6940.0
6347.0
7876.0
7082.0
8061.0
6770.0
7789.0
6854.0
6817.0
6922.0
8162.0
7299.0
8522.0
8824.0
7328.0
7572.0
8516.0
8224.0
8273.0
7535.0
7088.0
7542.0
8056.0
7558.0
8185.0
8220.0
7435.0
6928.0
8139.0
5892.0
7227.0
8474.0
9537.0
6931.0
7540.0
6781.0
7012.0
7281.0
7213.0
7044.0
7522.0
7685.0
7631.0
6753.0
Run Stats for experiment at: 04-06-2017 22:52:27
7905.0
7653.0
7306.0
7366.0
7598.0
7921.0
7160.0
7709.0
7622.0
7657.0
7553.0
8365.0
7064.0
6852.0
8207.0
8853.0
8131.0
6268.0
7781.0
8878.0
8919.0
7154.0
7384.0
7940.0
9183.0
8035.0
6534.0
6945.0
7404.0
7091.0
8150.0
7125.0
8191.0
9642.0
7743.0
7054.0
7537.0
7422.0
7126.0
7767.0
7616.0
7037.0
8163.0
8006.0
7977.0
7898.0
7480.0
7163.0
7687.0
8735.0
7633.0
8983.0
7906.0
7873.0
8256.0
7668.0
8346.0
7467.0
7588.0
7183.0
9010.0
9354.0
7977.0
8511.0
8511.0
7207.0
8328.0
8576.0
8688.0
7375.0
7328.0
7342.0
7754.0
7134.0
8035.0
8250.0
8096.0
8096.0
7749.0
6400.0
9331.0
8540.0
6359.0
8282.0
7218.0
8119.0
7447.0
7976.0
7418.0
7663.0
7286.0
8374.0
7975.0
7215.0
7569.0
7802.0
7313.0
8348.0
8047.0
6938.0
Run Stats for experiment at: 04-06-2017 22:55:07
9515.0
7488.0
6929.0
6906.0
7465.0
7455.0
6387.0
6904.0
7786.0
8022.0
7622.0
7472.0
8277.0
8860.0
7909.0
8620.0
8930.0
8662.0
8341.0
8102.0
8675.0
7715.0
7117.0
7952.0
8004.0
7091.0
8195.0
7469.0
7766.0
7356.0
7757.0
7485.0
7023.0
8282.0
7861.0
7097.0
7582.0
7246.0
7070.0
8283.0
8727.0
7054.0
7689.0
7017.0
7768.0
6801.0
7130.0
7543.0
8283.0
8134.0
7770.0
7926.0
9060.0
7764.0
8669.0
9099.0
8539.0
8079.0
6567.0
9092.0
9204.0
8829.0
7366.0
Run Stats for experiment at: 04-06-2017 22:56:00
7118.0
8093.0
7003.0
7513.0
8664.0
8557.0
7170.0
7834.0
7071.0
7446.0
7462.0
8122.0
8524.0
8051.0
8167.0
8887.0
8613.0
7933.0
7732.0
9456.0
9225.0
7900.0
7437.0
8197.0
10128.0
7916.0
9296.0
8515.0
8427.0
7081.0
9053.0
8661.0
7916.0
9498.0
6950.0
8325.0
7082.0
7472.0
7662.0
10565.0
7873.0
7047.0
6593.0
6357.0
7562.0
7934.0
8650.0
8417.0
8468.0
7949.0
8024.0
9241.0
8005.0
8350.0
8631.0
7909.0
7380.0
7016.0
8642.0
8765.0
7548.0
7543.0
8192.0
8294.0
8497.0
8814.0
7770.0
7630.0
7679.0
7605.0
8801.0
8150.0
8057.0
8358.0
7508.0
7703.0
7675.0
7662.0
8298.0
8412.0
6792.0
7654.0
7465.0
7462.0
8226.0
7602.0
7569.0
9742.0
6372.0
7996.0
8024.0
6481.0
8917.0
8055.0
7151.0
7547.0
8324.0
8761.0
8560.0
6924.0
Run Stats for experiment at: 04-07-2017 01:22:01
Run Stats for experiment at: 04-07-2017 01:23:13
Run Stats for experiment at: 04-07-2017 01:23:58
Run Stats for experiment at: 04-07-2017 01:24:19
Run Stats for experiment at: 04-07-2017 01:24:44
Run Stats for experiment at: 04-07-2017 01:25:11
Run Stats for experiment at: 04-07-2017 01:25:38
Run Stats for experiment at: 04-07-2017 01:26:32
Run Stats for experiment at: 04-07-2017 01:27:09
Run Stats for experiment at: 04-07-2017 01:27:50
Run Stats for experiment at: 04-07-2017 01:28:27
Run Stats for experiment at: 04-07-2017 01:28:48
Run Stats for experiment at: 04-07-2017 01:31:39
Run Stats for experiment at: 04-07-2017 01:35:48
Run Stats for experiment at: 04-07-2017 01:37:37
Run Stats for experiment at: 04-07-2017 01:38:19
Run Stats for experiment at: 04-07-2017 01:48:08
Run Stats for experiment at: 04-07-2017 02:10:44
Run Stats for experiment at: 04-07-2017 02:12:48
Run Stats for experiment at: 04-07-2017 02:14:52
Run Stats for experiment at: 04-07-2017 02:15:05
Run Stats for experiment at: 04-07-2017 02:23:30
Run Stats for experiment at: 04-07-2017 02:26:50
Run Stats for experiment at: 04-07-2017 02:37:45
Run Stats for experiment at: 04-07-2017 02:39:01
Run Stats for experiment at: 04-07-2017 02:40:53
Run Stats for experiment at: 04-07-2017 02:41:28
Run Stats for experiment at: 04-07-2017 02:42:42
Run Stats for experiment at: 04-07-2017 02:43:57
Run Stats for experiment at: 04-07-2017 02:45:03
Run Stats for experiment at: 04-07-2017 02:46:50
Run Stats for experiment at: 04-07-2017 02:47:06
Run Stats for experiment at: 04-07-2017 02:55:50
Run Stats for experiment at: 04-07-2017 03:22:26
Run Stats for experiment at: 04-07-2017 03:24:32
Run Stats for experiment at: 04-07-2017 03:26:46
Run Stats for experiment at: 04-07-2017 03:32:08
Run Stats for experiment at: 04-07-2017 03:37:13
Run Stats for experiment at: 04-07-2017 03:37:55
Run Stats for experiment at: 04-07-2017 03:40:48
Run Stats for experiment at: 04-07-2017 04:04:59
Run Stats for experiment at: 04-07-2017 04:41:56
7286.0
7255.0
7149.0
7345.0
8717.0
8135.0
8171.0
7640.0
8214.0
7812.0
8310.0
6654.0
7252.0
8047.0
9238.0
8665.0
7288.0
6722.0
8116.0
7291.0
7591.0
8382.0
7826.0
7079.0
7644.0
8360.0
9392.0
8890.0
8462.0
7701.0
7838.0
8457.0
7462.0
7366.0
7039.0
8639.0
7531.0
8148.0
8141.0
8607.0
7371.0
7848.0
9333.0
7211.0
8707.0
9024.0
9380.0
8968.0
9020.0
6594.0
6098.0
7331.0
8707.0
6391.0
8466.0
8228.0
7118.0
7266.0
7519.0
8599.0
8512.0
8056.0
8565.0
8171.0
7335.0
8619.0
8045.0
9252.0
7994.0
7928.0
7634.0
8381.0
7355.0
8516.0
7549.0
8782.0
7867.0
8215.0
8811.0
7803.0
7515.0
7340.0
8884.0
9246.0
6551.0
10599.0
6202.0
9016.0
7192.0
7963.0
7801.0
8114.0
8289.0
9546.0
8309.0
8567.0
8147.0
9111.0
6926.0
9314.0
Run Stats for experiment at: 04-07-2017 04:44:59
7260.0
8213.0
8212.0
6706.0
7185.0
8131.0
7736.0
7818.0
8258.0
7923.0
9717.0
8240.0
7865.0
8027.0
6975.0
7598.0
8285.0
7945.0
8696.0
7776.0
8447.0
8170.0
9015.0
8060.0
8061.0
8160.0
8095.0
8953.0
8852.0
8049.0
9089.0
8799.0
9063.0
8716.0
8232.0
8246.0
7626.0
7655.0
8785.0
6929.0
8096.0
8086.0
7897.0
8351.0
8628.0
7789.0
7754.0
8326.0
7465.0
7963.0
7317.0
8036.0
8431.0
8408.0
9029.0
7503.0
7060.0
6913.0
6282.0
7752.0
7925.0
7438.0
8372.0
7783.0
7859.0
9494.0
8073.0
8611.0
6904.0
7033.0
5821.0
7974.0
6934.0
7973.0
7101.0
7499.0
7390.0
7999.0
7631.0
8448.0
6534.0
8755.0
8558.0
7174.0
8053.0
8665.0
8127.0
8247.0
8074.0
8289.0
7098.0
6787.0
9245.0
6754.0
7470.0
8982.0
7593.0
7711.0
7424.0
8136.0
Run Stats for experiment at: 04-07-2017 04:46:48
7327.0
7920.0
8777.0
8655.0
8403.0
8415.0
8107.0
7672.0
9577.0
8347.0
7778.0
8349.0
8950.0
8898.0
7903.0
8382.0
8381.0
8051.0
6972.0
7225.0
7842.0
7965.0
7446.0
8770.0
8363.0
8052.0
7985.0
7922.0
7938.0
7327.0
8217.0
8257.0
6881.0
7837.0
8312.0
7553.0
7384.0
8810.0
7024.0
8504.0
7799.0
8647.0
8271.0
7118.0
8332.0
7790.0
7673.0
6356.0
7292.0
8224.0
8407.0
8668.0
8258.0
7255.0
7322.0
7904.0
7249.0
7974.0
8421.0
8624.0
8574.0
8068.0
7450.0
8061.0
9113.0
9090.0
7771.0
7376.0
7843.0
8293.0
7938.0
8336.0
7946.0
7584.0
7481.0
9176.0
8512.0
9177.0
7590.0
8213.0
7263.0
7885.0
8300.0
7606.0
8157.0
7491.0
8139.0
7631.0
7102.0
7376.0
9125.0
8871.0
7802.0
7959.0
8207.0
9627.0
8351.0
7921.0
7341.0
8236.0
Run Stats for experiment at: 04-07-2017 04:48:37
Run Stats for experiment at: 04-07-2017 04:49:23
Run Stats for experiment at: 04-07-2017 04:54:54
Run Stats for experiment at: 04-07-2017 05:08:53
Run Stats for experiment at: 04-07-2017 05:11:38
